This is XeTeX, Version 3.141592653-2.6-0.999997 (MiKTeX 25.4) (preloaded format=xelatex 2025.9.3)  2 OCT 2025 15:07
entering extended mode
 restricted \write18 enabled.
 %&-line parsing enabled.
**./Beatty_DSS_Essay.tex
(Beatty_DSS_Essay.tex
LaTeX2e <2025-06-01> patch level 1
L3 programming layer <2025-08-13>

(C:\Users\User\AppData\Local\Programs\MiKTeX1\tex/latex/koma-script\scrbook.cls
Document Class: scrbook 2025/08/28 v3.47 KOMA-Script document class (book)

(C:\Users\User\AppData\Local\Programs\MiKTeX1\tex/latex/koma-script\scrkbase.st
y
Package: scrkbase 2025/08/28 v3.47 KOMA-Script package (KOMA-Script-dependent b
asics and keyval usage)

(C:\Users\User\AppData\Local\Programs\MiKTeX1\tex/latex/koma-script\scrbase.sty
Package: scrbase 2025/08/28 v3.47 KOMA-Script package (KOMA-Script-independent 
basics and keyval usage)

(C:\Users\User\AppData\Local\Programs\MiKTeX1\tex/latex/koma-script\scrlfile.st
y
Package: scrlfile 2025/08/28 v3.47 KOMA-Script package (file load hooks)

(C:\Users\User\AppData\Local\Programs\MiKTeX1\tex/latex/koma-script\scrlfile-ho
ok.sty
Package: scrlfile-hook 2025/08/28 v3.47 KOMA-Script package (using LaTeX hooks)


(C:\Users\User\AppData\Local\Programs\MiKTeX1\tex/latex/koma-script\scrlogo.sty
Package: scrlogo 2025/08/28 v3.47 KOMA-Script package (logo)
))) (C:\Users\User\AppData\Local\Programs\MiKTeX1\tex/latex/graphics\keyval.sty
Package: keyval 2022/05/29 v1.15 key=value parser (DPC)
\KV@toks@=\toks17
)
Applying: [2021/05/01] Usage of raw or classic option list on input line 254.
Already applied: [0000/00/00] Usage of raw or classic option list on input line
 370.
))
(C:\Users\User\AppData\Local\Programs\MiKTeX1\tex/latex/koma-script\tocbasic.st
y
Package: tocbasic 2025/08/28 v3.47 KOMA-Script package (handling toc-files)
\scr@dte@tocline@numberwidth=\skip49
\scr@dte@tocline@numbox=\box53
)
Package tocbasic Info: omitting babel extension for `toc'
(tocbasic)             because of feature `nobabel' available
(tocbasic)             for `toc' on input line 143.
Package scrbook Info: You've used standard option `12pt'.
(scrbook)             This is correct!
(scrbook)             Internally I'm using `fontsize=12pt'.
(scrbook)             If you'd like to set the option with \KOMAoptions,
(scrbook)             you'd have to use `fontsize=12pt' there
(scrbook)             instead of `12pt', too.
Class scrbook Info: File `scrsize12pt.clo' used to setup font sizes on input li
ne 2709.

(C:\Users\User\AppData\Local\Programs\MiKTeX1\tex/latex/koma-script\scrsize12pt
.clo
File: scrsize12pt.clo 2025/08/28 v3.47 KOMA-Script font size class option (12pt
)
)
(C:\Users\User\AppData\Local\Programs\MiKTeX1\tex/latex/koma-script\typearea.st
y
Package: typearea 2025/08/28 v3.47 KOMA-Script package (type area)
\ta@bcor=\skip50
\ta@div=\count271
Package typearea Info: You've used standard option `a4paper'.
(typearea)             This is correct!
(typearea)             Internally I'm using `paper=a4'.
(typearea)             If you'd like to set the option with \KOMAoptions,
(typearea)             you'd have to use `paper=a4' there
(typearea)             instead of `a4paper', too.
\ta@hblk=\skip51
\ta@vblk=\skip52
\ta@temp=\skip53
\footheight=\skip54
Package typearea Info: These are the values describing the layout:
(typearea)             DIV  = 12
(typearea)             BCOR = 0.0pt
(typearea)             \paperwidth      = 597.50793pt
(typearea)              \textwidth      = 448.13095pt
(typearea)              DIV departure   = -6%
(typearea)              \evensidemargin = 27.31467pt
(typearea)              \oddsidemargin  = -22.47766pt
(typearea)             \paperheight     = 845.04694pt
(typearea)              \textheight     = 635.5pt
(typearea)              \topmargin      = -41.72441pt
(typearea)              \headheight     = 18.125pt
(typearea)              \headsep        = 21.75pt
(typearea)              \topskip        = 12.0pt
(typearea)              \footskip       = 50.75pt
(typearea)              \baselineskip   = 14.5pt
(typearea)              on input line 1806.
)
\c@part=\count272
\c@chapter=\count273
\c@section=\count274
\c@subsection=\count275
\c@subsubsection=\count276
\c@paragraph=\count277
\c@subparagraph=\count278
\scr@dte@chapter@maxnumwidth=\skip55
Class scrbook Info: using compatibility default `afterindent=bysign'
(scrbook)           for `\chapter on input line 6075.
\scr@dte@section@maxnumwidth=\skip56
Class scrbook Info: using compatibility default `runin=bysign'
(scrbook)           for `\section on input line 6086.
Class scrbook Info: using compatibility default `afterindent=bysign'
(scrbook)           for `\section on input line 6086.
\scr@dte@part@maxnumwidth=\skip57
Class scrbook Info: using compatibility default `afterindent=true'
(scrbook)           for `\part on input line 6095.
\scr@dte@subsection@maxnumwidth=\skip58
Class scrbook Info: using compatibility default `runin=bysign'
(scrbook)           for `\subsection on input line 6105.
Class scrbook Info: using compatibility default `afterindent=bysign'
(scrbook)           for `\subsection on input line 6105.
\scr@dte@subsubsection@maxnumwidth=\skip59
Class scrbook Info: using compatibility default `runin=bysign'
(scrbook)           for `\subsubsection on input line 6115.
Class scrbook Info: using compatibility default `afterindent=bysign'
(scrbook)           for `\subsubsection on input line 6115.
\scr@dte@paragraph@maxnumwidth=\skip60
Class scrbook Info: using compatibility default `runin=bysign'
(scrbook)           for `\paragraph on input line 6126.
Class scrbook Info: using compatibility default `afterindent=bysign'
(scrbook)           for `\paragraph on input line 6126.
\scr@dte@subparagraph@maxnumwidth=\skip61
Class scrbook Info: using compatibility default `runin=bysign'
(scrbook)           for `\subparagraph on input line 6136.
Class scrbook Info: using compatibility default `afterindent=bysign'
(scrbook)           for `\subparagraph on input line 6136.
\abovecaptionskip=\skip62
\belowcaptionskip=\skip63
\c@pti@nb@sid@b@x=\box54
Package tocbasic Info: omitting babel extension for `lof'
(tocbasic)             because of feature `nobabel' available
(tocbasic)             for `lof' on input line 7349.
\scr@dte@figure@maxnumwidth=\skip64
\c@figure=\count279
Package tocbasic Info: omitting babel extension for `lot'
(tocbasic)             because of feature `nobabel' available
(tocbasic)             for `lot' on input line 7362.
\scr@dte@table@maxnumwidth=\skip65
\c@table=\count280
Class scrbook Info: Redefining `\numberline' on input line 7533.
\bibindent=\dimen148
)
(C:\Users\User\AppData\Local\Programs\MiKTeX1\tex/latex/setspace\setspace.sty
Package: setspace 2022/12/04 v6.7b set line spacing
)
(C:\Users\User\AppData\Local\Programs\MiKTeX1\tex/latex/csquotes\csquotes.sty
Package: csquotes 2024-04-04 v5.2o context-sensitive quotations (JAW)

(C:\Users\User\AppData\Local\Programs\MiKTeX1\tex/latex/etoolbox\etoolbox.sty
Package: etoolbox 2025/02/11 v2.5l e-TeX tools for LaTeX (JAW)
\etb@tempcnta=\count281
)
\csq@reset=\count282
\csq@gtype=\count283
\csq@glevel=\count284
\csq@qlevel=\count285
\csq@maxlvl=\count286
\csq@tshold=\count287
\csq@ltx@everypar=\toks18

(C:\Users\User\AppData\Local\Programs\MiKTeX1\tex/latex/csquotes\csquotes.def
File: csquotes.def 2024-04-04 v5.2o csquotes generic definitions (JAW)
)
Package csquotes Info: Trying to load configuration file 'csquotes.cfg'...
Package csquotes Info: ... configuration file loaded successfully.

(C:\Users\User\AppData\Local\Programs\MiKTeX1\tex/latex/csquotes\csquotes.cfg
File: csquotes.cfg 
)) (C:\Users\User\AppData\Local\Programs\MiKTeX1\tex/latex/biblatex\biblatex.st
y
Package: biblatex 2025/07/10 v3.21 programmable bibliographies (PK/MW)

(C:\Users\User\AppData\Local\Programs\MiKTeX1\tex/generic/pdftexcmds\pdftexcmds
.sty
Package: pdftexcmds 2020-06-27 v0.33 Utility functions of pdfTeX for LuaTeX (HO
)

(C:\Users\User\AppData\Local\Programs\MiKTeX1\tex/generic/infwarerr\infwarerr.s
ty
Package: infwarerr 2019/12/03 v1.5 Providing info/warning/error messages (HO)
) (C:\Users\User\AppData\Local\Programs\MiKTeX1\tex/generic/iftex\iftex.sty
Package: iftex 2024/12/12 v1.0g TeX engine tests
)
(C:\Users\User\AppData\Local\Programs\MiKTeX1\tex/generic/ltxcmds\ltxcmds.sty
Package: ltxcmds 2023-12-04 v1.26 LaTeX kernel commands for general use (HO)
)
Package pdftexcmds Info: \pdf@primitive is available.
Package pdftexcmds Info: \pdf@ifprimitive is available.
Package pdftexcmds Info: \pdfdraftmode not found.
)
(C:\Users\User\AppData\Local\Programs\MiKTeX1\tex/latex/kvoptions\kvoptions.sty
Package: kvoptions 2022-06-15 v3.15 Key value format for package options (HO)

(C:\Users\User\AppData\Local\Programs\MiKTeX1\tex/latex/kvsetkeys\kvsetkeys.sty
Package: kvsetkeys 2022-10-05 v1.19 Key value parser (HO)
)) (C:\Users\User\AppData\Local\Programs\MiKTeX1\tex/latex/logreq\logreq.sty
Package: logreq 2010/08/04 v1.0 xml request logger
\lrq@indent=\count288

(C:\Users\User\AppData\Local\Programs\MiKTeX1\tex/latex/logreq\logreq.def
File: logreq.def 2010/08/04 v1.0 logreq spec v1.0
))
(C:\Users\User\AppData\Local\Programs\MiKTeX1\tex/latex/base\ifthen.sty
Package: ifthen 2024/03/16 v1.1e Standard LaTeX ifthen package (DPC)
)
(C:\Users\User\AppData\Local\Programs\MiKTeX1\tex/latex/url\url.sty
\Urlmuskip=\muskip17
Package: url 2013/09/16  ver 3.4  Verb mode for urls, etc.
)
\c@tabx@nest=\count289
\c@listtotal=\count290
\c@listcount=\count291
\c@liststart=\count292
\c@liststop=\count293
\c@citecount=\count294
\c@citetotal=\count295
\c@multicitecount=\count296
\c@multicitetotal=\count297
\c@instcount=\count298
\c@maxnames=\count299
\c@minnames=\count300
\c@maxitems=\count301
\c@minitems=\count302
\c@citecounter=\count303
\c@maxcitecounter=\count304
\c@savedcitecounter=\count305
\c@uniquelist=\count306
\c@uniquename=\count307
\c@refsection=\count308
\c@refsegment=\count309
\c@maxextratitle=\count310
\c@maxextratitleyear=\count311
\c@maxextraname=\count312
\c@maxextradate=\count313
\c@maxextraalpha=\count314
\c@abbrvpenalty=\count315
\c@highnamepenalty=\count316
\c@lownamepenalty=\count317
\c@maxparens=\count318
\c@parenlevel=\count319
\blx@tempcnta=\count320
\blx@tempcntb=\count321
\blx@tempcntc=\count322
\c@blx@maxsection=\count323
\blx@maxsegment@0=\count324
\blx@notetype=\count325
\blx@parenlevel@text=\count326
\blx@parenlevel@foot=\count327
\blx@sectionciteorder@0=\count328
\blx@sectionciteorderinternal@0=\count329
\blx@entrysetcounter=\count330
\blx@biblioinstance=\count331
\labelnumberwidth=\skip66
\labelalphawidth=\skip67
\biblabelsep=\skip68
\bibitemsep=\skip69
\bibnamesep=\skip70
\bibinitsep=\skip71
\bibparsep=\skip72
\bibhang=\skip73
\blx@bcfin=\read2
\blx@bcfout=\write3
\blx@langwohyphens=\language79
\c@mincomprange=\count332
\c@maxcomprange=\count333
\c@mincompwidth=\count334
Package biblatex Info: Trying to load biblatex default data model...
Package biblatex Info: ... file 'blx-dm.def' found.

(C:\Users\User\AppData\Local\Programs\MiKTeX1\tex/latex/biblatex\blx-dm.def
File: blx-dm.def 2025/07/10 v3.21 biblatex datamodel (PK/MW)
)
Package biblatex Info: Trying to load biblatex style data model...
Package biblatex Info: ... file 'authoryear.dbx' not found.
Package biblatex Info: Trying to load biblatex custom data model...
Package biblatex Info: ... file 'biblatex-dm.cfg' not found.
\c@afterword=\count335
\c@savedafterword=\count336
\c@annotator=\count337
\c@savedannotator=\count338
\c@author=\count339
\c@savedauthor=\count340
\c@bookauthor=\count341
\c@savedbookauthor=\count342
\c@commentator=\count343
\c@savedcommentator=\count344
\c@editor=\count345
\c@savededitor=\count346
\c@editora=\count347
\c@savededitora=\count348
\c@editorb=\count349
\c@savededitorb=\count350
\c@editorc=\count351
\c@savededitorc=\count352
\c@foreword=\count353
\c@savedforeword=\count354
\c@holder=\count355
\c@savedholder=\count356
\c@introduction=\count357
\c@savedintroduction=\count358
\c@namea=\count359
\c@savednamea=\count360
\c@nameb=\count361
\c@savednameb=\count362
\c@namec=\count363
\c@savednamec=\count364
\c@translator=\count365
\c@savedtranslator=\count366
\c@shortauthor=\count367
\c@savedshortauthor=\count368
\c@shorteditor=\count369
\c@savedshorteditor=\count370
\c@labelname=\count371
\c@savedlabelname=\count372
\c@institution=\count373
\c@savedinstitution=\count374
\c@lista=\count375
\c@savedlista=\count376
\c@listb=\count377
\c@savedlistb=\count378
\c@listc=\count379
\c@savedlistc=\count380
\c@listd=\count381
\c@savedlistd=\count382
\c@liste=\count383
\c@savedliste=\count384
\c@listf=\count385
\c@savedlistf=\count386
\c@location=\count387
\c@savedlocation=\count388
\c@organization=\count389
\c@savedorganization=\count390
\c@origlocation=\count391
\c@savedoriglocation=\count392
\c@origpublisher=\count393
\c@savedorigpublisher=\count394
\c@publisher=\count395
\c@savedpublisher=\count396
\c@language=\count397
\c@savedlanguage=\count398
\c@origlanguage=\count399
\c@savedoriglanguage=\count400
\c@pageref=\count401
\c@savedpageref=\count402
\shorthandwidth=\skip74
\shortjournalwidth=\skip75
\shortserieswidth=\skip76
\shorttitlewidth=\skip77
\shortauthorwidth=\skip78
\shorteditorwidth=\skip79
\locallabelnumberwidth=\skip80
\locallabelalphawidth=\skip81
\localshorthandwidth=\skip82
\localshortjournalwidth=\skip83
\localshortserieswidth=\skip84
\localshorttitlewidth=\skip85
\localshortauthorwidth=\skip86
\localshorteditorwidth=\skip87
Package biblatex Info: Trying to load enhanced support for Unicode engines...
Package biblatex Info: ... file 'blx-unicode.def' found.

(C:\Users\User\AppData\Local\Programs\MiKTeX1\tex/latex/biblatex\blx-unicode.de
f)
Package biblatex Info: Trying to load compatibility code...
Package biblatex Info: ... file 'blx-compat.def' found.

(C:\Users\User\AppData\Local\Programs\MiKTeX1\tex/latex/biblatex\blx-compat.def
File: blx-compat.def 2025/07/10 v3.21 biblatex compatibility (PK/MW)
)
Package biblatex Info: Trying to load generic definitions...
Package biblatex Info: ... file 'biblatex.def' found.
 (C:\Users\User\AppData\Local\Programs\MiKTeX1\tex/latex/biblatex\biblatex.def
File: biblatex.def 2025/07/10 v3.21 biblatex compatibility (PK/MW)
\c@textcitecount=\count403
\c@textcitetotal=\count404
\c@textcitemaxnames=\count405
\c@biburlbigbreakpenalty=\count406
\c@biburlbreakpenalty=\count407
\c@biburlnumpenalty=\count408
\c@biburlucpenalty=\count409
\c@biburllcpenalty=\count410
\biburlbigskip=\muskip18
\biburlnumskip=\muskip19
\biburlucskip=\muskip20
\biburllcskip=\muskip21
\c@smartand=\count411
)
Package biblatex Info: Trying to load bibliography style 'authoryear'...
Package biblatex Info: ... file 'authoryear.bbx' found.

(C:\Users\User\AppData\Local\Programs\MiKTeX1\tex/latex/biblatex/bbx\authoryear
.bbx
File: authoryear.bbx 2025/07/10 v3.21 biblatex bibliography style (PK/MW)
Package biblatex Info: Trying to load bibliography style 'standard'...
Package biblatex Info: ... file 'standard.bbx' found.

(C:\Users\User\AppData\Local\Programs\MiKTeX1\tex/latex/biblatex/bbx\standard.b
bx
File: standard.bbx 2025/07/10 v3.21 biblatex bibliography style (PK/MW)
\c@bbx:relatedcount=\count412
\c@bbx:relatedtotal=\count413
))
Package biblatex Info: Trying to load citation style 'authoryear'...
Package biblatex Info: ... file 'authoryear.cbx' found.

(C:\Users\User\AppData\Local\Programs\MiKTeX1\tex/latex/biblatex/cbx\authoryear
.cbx
File: authoryear.cbx 2025/07/10 v3.21 biblatex citation style (PK/MW)
Package biblatex Info: Redefining '\cite'.
Package biblatex Info: Redefining '\parencite'.
Package biblatex Info: Redefining '\footcite'.
Package biblatex Info: Redefining '\footcitetext'.
Package biblatex Info: Redefining '\smartcite'.
Package biblatex Info: Redefining '\textcite'.
Package biblatex Info: Redefining '\textcites'.
)
Package biblatex Info: Trying to load configuration file...
Package biblatex Info: ... file 'biblatex.cfg' found.

(C:\Users\User\AppData\Local\Programs\MiKTeX1\tex/latex/biblatex\biblatex.cfg
File: biblatex.cfg 
)
Package biblatex Info: XeTeX detected.
(biblatex)             Assuming input encoding 'utf8'.
Package biblatex Info: Document encoding is UTF8 ....

(C:\Users\User\AppData\Local\Programs\MiKTeX1\tex/latex/l3kernel\expl3.sty
Package: expl3 2025-08-13 L3 programming layer (loader) 

(C:\Users\User\AppData\Local\Programs\MiKTeX1\tex/latex/l3backend\l3backend-xet
ex.def
File: l3backend-xetex.def 2025-06-09 L3 backend support: XeTeX
\g__graphics_track_int=\count414
\g__pdfannot_backend_int=\count415
\g__pdfannot_backend_link_int=\count416
))
Package biblatex Info: ... and expl3
(biblatex)             2025-08-13 L3 programming layer (loader) 
(biblatex)             is new enough (at least 2020/04/06),
(biblatex)             setting 'casechanger=expl3'.

(C:\Users\User\AppData\Local\Programs\MiKTeX1\tex/latex/biblatex\blx-case-expl3
.sty
(C:\Users\User\AppData\Local\Programs\MiKTeX1\tex/latex/l3packages/xparse\xpars
e.sty
Package: xparse 2024-08-16 L3 Experimental document command parser
)
Package: blx-case-expl3 2025/07/10 v3.21 expl3 case changing code for biblatex
))
(C:\Users\User\AppData\Local\Programs\MiKTeX1\tex/latex/geometry\geometry.sty
Package: geometry 2020/01/02 v5.9 Page Geometry

(C:\Users\User\AppData\Local\Programs\MiKTeX1\tex/generic/iftex\ifvtex.sty
Package: ifvtex 2019/10/25 v1.7 ifvtex legacy package. Use iftex instead.
)
\Gm@cnth=\count417
\Gm@cntv=\count418
\c@Gm@tempcnt=\count419
\Gm@bindingoffset=\dimen149
\Gm@wd@mp=\dimen150
\Gm@odd@mp=\dimen151
\Gm@even@mp=\dimen152
\Gm@layoutwidth=\dimen153
\Gm@layoutheight=\dimen154
\Gm@layouthoffset=\dimen155
\Gm@layoutvoffset=\dimen156
\Gm@dimlist=\toks19

(C:\Users\User\AppData\Local\Programs\MiKTeX1\tex/latex/geometry\geometry.cfg))
(C:\Users\User\AppData\Local\Programs\MiKTeX1\tex/latex/ulem\ulem.sty
\UL@box=\box55
\UL@hyphenbox=\box56
\UL@skip=\skip88
\UL@hook=\toks20
\UL@height=\dimen157
\UL@pe=\count420
\UL@pixel=\dimen158
\ULC@box=\box57
Package: ulem 2019/11/18
\ULdepth=\dimen159
)
(C:\Users\User\AppData\Local\Programs\MiKTeX1\tex/latex/hyperref\hyperref.sty
Package: hyperref 2025-07-12 v7.01o Hypertext links for LaTeX

(C:\Users\User\AppData\Local\Programs\MiKTeX1\tex/generic/kvdefinekeys\kvdefine
keys.sty
Package: kvdefinekeys 2019-12-19 v1.6 Define keys (HO)
)
(C:\Users\User\AppData\Local\Programs\MiKTeX1\tex/generic/pdfescape\pdfescape.s
ty
Package: pdfescape 2019/12/09 v1.15 Implements pdfTeX's escape features (HO)
) (C:\Users\User\AppData\Local\Programs\MiKTeX1\tex/latex/hycolor\hycolor.sty
Package: hycolor 2020-01-27 v1.10 Color options for hyperref/bookmark (HO)
) (C:\Users\User\AppData\Local\Programs\MiKTeX1\tex/latex/hyperref\nameref.sty
Package: nameref 2025-06-21 v2.57 Cross-referencing by name of section

(C:\Users\User\AppData\Local\Programs\MiKTeX1\tex/latex/refcount\refcount.sty
Package: refcount 2019/12/15 v3.6 Data extraction from label references (HO)
)
(C:\Users\User\AppData\Local\Programs\MiKTeX1\tex/generic/gettitlestring\gettit
lestring.sty
Package: gettitlestring 2019/12/15 v1.6 Cleanup title references (HO)
)
\c@section@level=\count421
)
(C:\Users\User\AppData\Local\Programs\MiKTeX1\tex/generic/stringenc\stringenc.s
ty
Package: stringenc 2019/11/29 v1.12 Convert strings between diff. encodings (HO
)
)
\@linkdim=\dimen160
\Hy@linkcounter=\count422
\Hy@pagecounter=\count423
 (C:\Users\User\AppData\Local\Programs\MiKTeX1\tex/latex/hyperref\pd1enc.def
File: pd1enc.def 2025-07-12 v7.01o Hyperref: PDFDocEncoding definition (HO)
) (C:\Users\User\AppData\Local\Programs\MiKTeX1\tex/generic/intcalc\intcalc.sty
Package: intcalc 2019/12/15 v1.3 Expandable calculations with integers (HO)
)
\Hy@SavedSpaceFactor=\count424
 (C:\Users\User\AppData\Local\Programs\MiKTeX1\tex/latex/hyperref\puenc.def
File: puenc.def 2025-07-12 v7.01o Hyperref: PDF Unicode definition (HO)
)
Package hyperref Info: Hyper figures OFF on input line 4195.
Package hyperref Info: Link nesting OFF on input line 4200.
Package hyperref Info: Hyper index ON on input line 4203.
Package hyperref Info: Plain pages OFF on input line 4210.
Package hyperref Info: Backreferencing OFF on input line 4215.
Package hyperref Info: Implicit mode ON; LaTeX internals redefined.
Package hyperref Info: Bookmarks ON on input line 4462.
\c@Hy@tempcnt=\count425
LaTeX Info: Redefining \url on input line 4801.
\XeTeXLinkMargin=\dimen161

(C:\Users\User\AppData\Local\Programs\MiKTeX1\tex/generic/bitset\bitset.sty
Package: bitset 2019/12/09 v1.3 Handle bit-vector datatype (HO)

(C:\Users\User\AppData\Local\Programs\MiKTeX1\tex/generic/bigintcalc\bigintcalc
.sty
Package: bigintcalc 2019/12/15 v1.5 Expandable calculations on big integers (HO
)
))
\Fld@menulength=\count426
\Field@Width=\dimen162
\Fld@charsize=\dimen163
Package hyperref Info: Hyper figures OFF on input line 6078.
Package hyperref Info: Link nesting OFF on input line 6083.
Package hyperref Info: Hyper index ON on input line 6086.
Package hyperref Info: backreferencing OFF on input line 6093.
Package hyperref Info: Link coloring OFF on input line 6098.
Package hyperref Info: Link coloring with OCG OFF on input line 6103.
Package hyperref Info: PDF/A mode OFF on input line 6108.
\Hy@abspage=\count427
\c@Item=\count428
\c@Hfootnote=\count429
)
Package hyperref Info: Driver (autodetected): hxetex.

(C:\Users\User\AppData\Local\Programs\MiKTeX1\tex/latex/hyperref\hxetex.def
File: hxetex.def 2025-07-12 v7.01o Hyperref driver for XeTeX
\pdfm@box=\box58
\c@Hy@AnnotLevel=\count430
\HyField@AnnotCount=\count431
\Fld@listcount=\count432
\c@bookmark@seq@number=\count433

(C:\Users\User\AppData\Local\Programs\MiKTeX1\tex/latex/rerunfilecheck\rerunfil
echeck.sty
Package: rerunfilecheck 2025-06-21 v1.11 Rerun checks for auxiliary files (HO)

(C:\Users\User\AppData\Local\Programs\MiKTeX1\tex/generic/uniquecounter\uniquec
ounter.sty
Package: uniquecounter 2019/12/15 v1.4 Provide unlimited unique counter (HO)
)
Package uniquecounter Info: New unique counter `rerunfilecheck' on input line 2
84.
)
\Hy@SectionHShift=\skip89
)
(C:\Users\User\AppData\Local\Programs\MiKTeX1\tex/latex/graphics\graphicx.sty
Package: graphicx 2024/12/31 v1.2e Enhanced LaTeX Graphics (DPC,SPQR)

(C:\Users\User\AppData\Local\Programs\MiKTeX1\tex/latex/graphics\graphics.sty
Package: graphics 2024/08/06 v1.4g Standard LaTeX Graphics (DPC,SPQR)

(C:\Users\User\AppData\Local\Programs\MiKTeX1\tex/latex/graphics\trig.sty
Package: trig 2023/12/02 v1.11 sin cos tan (DPC)
)
(C:\Users\User\AppData\Local\Programs\MiKTeX1\tex/latex/graphics-cfg\graphics.c
fg
File: graphics.cfg 2016/06/04 v1.11 sample graphics configuration
)
Package graphics Info: Driver file: xetex.def on input line 106.

(C:\Users\User\AppData\Local\Programs\MiKTeX1\tex/latex/graphics-def\xetex.def
File: xetex.def 2022/09/22 v5.0n Graphics/color driver for xetex
))
\Gin@req@height=\dimen164
\Gin@req@width=\dimen165
)
Package hyperref Info: Option `breaklinks' set `true' on input line 13.
 (C:\Users\User\AppData\Local\Programs\MiKTeX1\tex/latex/tools\array.sty
Package: array 2025/06/08 v2.6j Tabular extension package (FMi)
\col@sep=\dimen166
\ar@mcellbox=\box59
\extrarowheight=\dimen167
\NC@list=\toks21
\extratabsurround=\skip90
\backup@length=\skip91
\ar@cellbox=\box60
)
(C:\Users\User\AppData\Local\Programs\MiKTeX1\tex/latex/xcolor\xcolor.sty
Package: xcolor 2024/09/29 v3.02 LaTeX color extensions (UK)

(C:\Users\User\AppData\Local\Programs\MiKTeX1\tex/latex/graphics-cfg\color.cfg
File: color.cfg 2016/01/02 v1.6 sample color configuration
)
Package xcolor Info: Driver file: xetex.def on input line 274.
(C:\Users\User\AppData\Local\Programs\MiKTeX1\tex/latex/graphics\mathcolor.ltx)
Package xcolor Info: Model `cmy' substituted by `cmy0' on input line 1349.
Package xcolor Info: Model `RGB' extended on input line 1365.
Package xcolor Info: Model `HTML' substituted by `rgb' on input line 1367.
Package xcolor Info: Model `Hsb' substituted by `hsb' on input line 1368.
Package xcolor Info: Model `tHsb' substituted by `hsb' on input line 1369.
Package xcolor Info: Model `HSB' substituted by `hsb' on input line 1370.
Package xcolor Info: Model `Gray' substituted by `gray' on input line 1371.
Package xcolor Info: Model `wave' substituted by `hsb' on input line 1372.
) (C:\Users\User\AppData\Local\Programs\MiKTeX1\tex/latex/pgfplots\pgfplots.sty

(C:\Users\User\AppData\Local\Programs\MiKTeX1\tex/generic/pgfplots\pgfplots.rev
ision.tex)
Package: pgfplots 2021/05/15 v1.18.1 Data Visualization (1.18.1)

(C:\Users\User\AppData\Local\Programs\MiKTeX1\tex/latex/pgf/frontendlayer\tikz.
sty
(C:\Users\User\AppData\Local\Programs\MiKTeX1\tex/latex/pgf/basiclayer\pgf.sty
(C:\Users\User\AppData\Local\Programs\MiKTeX1\tex/latex/pgf/utilities\pgfrcs.st
y
(C:\Users\User\AppData\Local\Programs\MiKTeX1\tex/generic/pgf/utilities\pgfutil
-common.tex
\pgfutil@everybye=\toks22
\pgfutil@tempdima=\dimen168
\pgfutil@tempdimb=\dimen169
)
(C:\Users\User\AppData\Local\Programs\MiKTeX1\tex/generic/pgf/utilities\pgfutil
-latex.def
\pgfutil@abb=\box61
)
(C:\Users\User\AppData\Local\Programs\MiKTeX1\tex/generic/pgf/utilities\pgfrcs.
code.tex
(C:\Users\User\AppData\Local\Programs\MiKTeX1\tex/generic/pgf\pgf.revision.tex)
Package: pgfrcs 2025-08-29 v3.1.11a (3.1.11a)
))
Package: pgf 2025-08-29 v3.1.11a (3.1.11a)

(C:\Users\User\AppData\Local\Programs\MiKTeX1\tex/latex/pgf/basiclayer\pgfcore.
sty
(C:\Users\User\AppData\Local\Programs\MiKTeX1\tex/latex/pgf/systemlayer\pgfsys.
sty
(C:\Users\User\AppData\Local\Programs\MiKTeX1\tex/generic/pgf/systemlayer\pgfsy
s.code.tex
Package: pgfsys 2025-08-29 v3.1.11a (3.1.11a)

(C:\Users\User\AppData\Local\Programs\MiKTeX1\tex/generic/pgf/utilities\pgfkeys
.code.tex
\pgfkeys@pathtoks=\toks23
\pgfkeys@temptoks=\toks24

(C:\Users\User\AppData\Local\Programs\MiKTeX1\tex/generic/pgf/utilities\pgfkeys
libraryfiltered.code.tex
\pgfkeys@tmptoks=\toks25
))
\pgf@x=\dimen170
\pgf@y=\dimen171
\pgf@xa=\dimen172
\pgf@ya=\dimen173
\pgf@xb=\dimen174
\pgf@yb=\dimen175
\pgf@xc=\dimen176
\pgf@yc=\dimen177
\pgf@xd=\dimen178
\pgf@yd=\dimen179
\w@pgf@writea=\write4
\r@pgf@reada=\read3
\c@pgf@counta=\count434
\c@pgf@countb=\count435
\c@pgf@countc=\count436
\c@pgf@countd=\count437
\t@pgf@toka=\toks26
\t@pgf@tokb=\toks27
\t@pgf@tokc=\toks28
\pgf@sys@id@count=\count438

(C:\Users\User\AppData\Local\Programs\MiKTeX1\tex/generic/pgf/systemlayer\pgf.c
fg
File: pgf.cfg 2025-08-29 v3.1.11a (3.1.11a)
)
Driver file for pgf: pgfsys-xetex.def

(C:\Users\User\AppData\Local\Programs\MiKTeX1\tex/generic/pgf/systemlayer\pgfsy
s-xetex.def
File: pgfsys-xetex.def 2025-08-29 v3.1.11a (3.1.11a)

(C:\Users\User\AppData\Local\Programs\MiKTeX1\tex/generic/pgf/systemlayer\pgfsy
s-dvipdfmx.def
File: pgfsys-dvipdfmx.def 2025-08-29 v3.1.11a (3.1.11a)

(C:\Users\User\AppData\Local\Programs\MiKTeX1\tex/generic/pgf/systemlayer\pgfsy
s-common-pdf.def
File: pgfsys-common-pdf.def 2025-08-29 v3.1.11a (3.1.11a)
)
\pgfsys@objnum=\count439
)))
(C:\Users\User\AppData\Local\Programs\MiKTeX1\tex/generic/pgf/systemlayer\pgfsy
ssoftpath.code.tex
File: pgfsyssoftpath.code.tex 2025-08-29 v3.1.11a (3.1.11a)
\pgfsyssoftpath@smallbuffer@items=\count440
\pgfsyssoftpath@bigbuffer@items=\count441
)
(C:\Users\User\AppData\Local\Programs\MiKTeX1\tex/generic/pgf/systemlayer\pgfsy
sprotocol.code.tex
File: pgfsysprotocol.code.tex 2025-08-29 v3.1.11a (3.1.11a)
))
(C:\Users\User\AppData\Local\Programs\MiKTeX1\tex/generic/pgf/basiclayer\pgfcor
e.code.tex
Package: pgfcore 2025-08-29 v3.1.11a (3.1.11a)

(C:\Users\User\AppData\Local\Programs\MiKTeX1\tex/generic/pgf/math\pgfmath.code
.tex
(C:\Users\User\AppData\Local\Programs\MiKTeX1\tex/generic/pgf/math\pgfmathutil.
code.tex)
(C:\Users\User\AppData\Local\Programs\MiKTeX1\tex/generic/pgf/math\pgfmathparse
r.code.tex
\pgfmath@dimen=\dimen180
\pgfmath@count=\count442
\pgfmath@box=\box62
\pgfmath@toks=\toks29
\pgfmath@stack@operand=\toks30
\pgfmath@stack@operation=\toks31
)
(C:\Users\User\AppData\Local\Programs\MiKTeX1\tex/generic/pgf/math\pgfmathfunct
ions.code.tex)
(C:\Users\User\AppData\Local\Programs\MiKTeX1\tex/generic/pgf/math\pgfmathfunct
ions.basic.code.tex)
(C:\Users\User\AppData\Local\Programs\MiKTeX1\tex/generic/pgf/math\pgfmathfunct
ions.trigonometric.code.tex)
(C:\Users\User\AppData\Local\Programs\MiKTeX1\tex/generic/pgf/math\pgfmathfunct
ions.random.code.tex)
(C:\Users\User\AppData\Local\Programs\MiKTeX1\tex/generic/pgf/math\pgfmathfunct
ions.comparison.code.tex)
(C:\Users\User\AppData\Local\Programs\MiKTeX1\tex/generic/pgf/math\pgfmathfunct
ions.base.code.tex)
(C:\Users\User\AppData\Local\Programs\MiKTeX1\tex/generic/pgf/math\pgfmathfunct
ions.round.code.tex)
(C:\Users\User\AppData\Local\Programs\MiKTeX1\tex/generic/pgf/math\pgfmathfunct
ions.misc.code.tex)
(C:\Users\User\AppData\Local\Programs\MiKTeX1\tex/generic/pgf/math\pgfmathfunct
ions.integerarithmetics.code.tex)
(C:\Users\User\AppData\Local\Programs\MiKTeX1\tex/generic/pgf/math\pgfmathcalc.
code.tex)
(C:\Users\User\AppData\Local\Programs\MiKTeX1\tex/generic/pgf/math\pgfmathfloat
.code.tex
\c@pgfmathroundto@lastzeros=\count443
))
(C:\Users\User\AppData\Local\Programs\MiKTeX1\tex/generic/pgf/math\pgfint.code.
tex)
(C:\Users\User\AppData\Local\Programs\MiKTeX1\tex/generic/pgf/basiclayer\pgfcor
epoints.code.tex
File: pgfcorepoints.code.tex 2025-08-29 v3.1.11a (3.1.11a)
\pgf@picminx=\dimen181
\pgf@picmaxx=\dimen182
\pgf@picminy=\dimen183
\pgf@picmaxy=\dimen184
\pgf@pathminx=\dimen185
\pgf@pathmaxx=\dimen186
\pgf@pathminy=\dimen187
\pgf@pathmaxy=\dimen188
\pgf@xx=\dimen189
\pgf@xy=\dimen190
\pgf@yx=\dimen191
\pgf@yy=\dimen192
\pgf@zx=\dimen193
\pgf@zy=\dimen194
)
(C:\Users\User\AppData\Local\Programs\MiKTeX1\tex/generic/pgf/basiclayer\pgfcor
epathconstruct.code.tex
File: pgfcorepathconstruct.code.tex 2025-08-29 v3.1.11a (3.1.11a)
\pgf@path@lastx=\dimen195
\pgf@path@lasty=\dimen196
)
(C:\Users\User\AppData\Local\Programs\MiKTeX1\tex/generic/pgf/basiclayer\pgfcor
epathusage.code.tex
File: pgfcorepathusage.code.tex 2025-08-29 v3.1.11a (3.1.11a)
\pgf@shorten@end@additional=\dimen197
\pgf@shorten@start@additional=\dimen198
)
(C:\Users\User\AppData\Local\Programs\MiKTeX1\tex/generic/pgf/basiclayer\pgfcor
escopes.code.tex
File: pgfcorescopes.code.tex 2025-08-29 v3.1.11a (3.1.11a)
\pgfpic=\box63
\pgf@hbox=\box64
\pgf@layerbox@main=\box65
\pgf@picture@serial@count=\count444
)
(C:\Users\User\AppData\Local\Programs\MiKTeX1\tex/generic/pgf/basiclayer\pgfcor
egraphicstate.code.tex
File: pgfcoregraphicstate.code.tex 2025-08-29 v3.1.11a (3.1.11a)
\pgflinewidth=\dimen199
)
(C:\Users\User\AppData\Local\Programs\MiKTeX1\tex/generic/pgf/basiclayer\pgfcor
etransformations.code.tex
File: pgfcoretransformations.code.tex 2025-08-29 v3.1.11a (3.1.11a)
\pgf@pt@x=\dimen256
\pgf@pt@y=\dimen257
\pgf@pt@temp=\dimen258
)
(C:\Users\User\AppData\Local\Programs\MiKTeX1\tex/generic/pgf/basiclayer\pgfcor
equick.code.tex
File: pgfcorequick.code.tex 2025-08-29 v3.1.11a (3.1.11a)
)
(C:\Users\User\AppData\Local\Programs\MiKTeX1\tex/generic/pgf/basiclayer\pgfcor
eobjects.code.tex
File: pgfcoreobjects.code.tex 2025-08-29 v3.1.11a (3.1.11a)
)
(C:\Users\User\AppData\Local\Programs\MiKTeX1\tex/generic/pgf/basiclayer\pgfcor
epathprocessing.code.tex
File: pgfcorepathprocessing.code.tex 2025-08-29 v3.1.11a (3.1.11a)
)
(C:\Users\User\AppData\Local\Programs\MiKTeX1\tex/generic/pgf/basiclayer\pgfcor
earrows.code.tex
File: pgfcorearrows.code.tex 2025-08-29 v3.1.11a (3.1.11a)
\pgfarrowsep=\dimen259
)
(C:\Users\User\AppData\Local\Programs\MiKTeX1\tex/generic/pgf/basiclayer\pgfcor
eshade.code.tex
File: pgfcoreshade.code.tex 2025-08-29 v3.1.11a (3.1.11a)
\pgf@max=\dimen260
\pgf@sys@shading@range@num=\count445
\pgf@shadingcount=\count446
)
(C:\Users\User\AppData\Local\Programs\MiKTeX1\tex/generic/pgf/basiclayer\pgfcor
eimage.code.tex
File: pgfcoreimage.code.tex 2025-08-29 v3.1.11a (3.1.11a)
)
(C:\Users\User\AppData\Local\Programs\MiKTeX1\tex/generic/pgf/basiclayer\pgfcor
eexternal.code.tex
File: pgfcoreexternal.code.tex 2025-08-29 v3.1.11a (3.1.11a)
\pgfexternal@startupbox=\box66
)
(C:\Users\User\AppData\Local\Programs\MiKTeX1\tex/generic/pgf/basiclayer\pgfcor
elayers.code.tex
File: pgfcorelayers.code.tex 2025-08-29 v3.1.11a (3.1.11a)
)
(C:\Users\User\AppData\Local\Programs\MiKTeX1\tex/generic/pgf/basiclayer\pgfcor
etransparency.code.tex
File: pgfcoretransparency.code.tex 2025-08-29 v3.1.11a (3.1.11a)
)
(C:\Users\User\AppData\Local\Programs\MiKTeX1\tex/generic/pgf/basiclayer\pgfcor
epatterns.code.tex
File: pgfcorepatterns.code.tex 2025-08-29 v3.1.11a (3.1.11a)
)
(C:\Users\User\AppData\Local\Programs\MiKTeX1\tex/generic/pgf/basiclayer\pgfcor
erdf.code.tex
File: pgfcorerdf.code.tex 2025-08-29 v3.1.11a (3.1.11a)
)))
(C:\Users\User\AppData\Local\Programs\MiKTeX1\tex/generic/pgf/modules\pgfmodule
shapes.code.tex
File: pgfmoduleshapes.code.tex 2025-08-29 v3.1.11a (3.1.11a)
\pgfnodeparttextbox=\box67
)
(C:\Users\User\AppData\Local\Programs\MiKTeX1\tex/generic/pgf/modules\pgfmodule
plot.code.tex
File: pgfmoduleplot.code.tex 2025-08-29 v3.1.11a (3.1.11a)
)
(C:\Users\User\AppData\Local\Programs\MiKTeX1\tex/latex/pgf/compatibility\pgfco
mp-version-0-65.sty
Package: pgfcomp-version-0-65 2025-08-29 v3.1.11a (3.1.11a)
\pgf@nodesepstart=\dimen261
\pgf@nodesepend=\dimen262
)
(C:\Users\User\AppData\Local\Programs\MiKTeX1\tex/latex/pgf/compatibility\pgfco
mp-version-1-18.sty
Package: pgfcomp-version-1-18 2025-08-29 v3.1.11a (3.1.11a)
))
(C:\Users\User\AppData\Local\Programs\MiKTeX1\tex/latex/pgf/utilities\pgffor.st
y
(C:\Users\User\AppData\Local\Programs\MiKTeX1\tex/latex/pgf/utilities\pgfkeys.s
ty
(C:\Users\User\AppData\Local\Programs\MiKTeX1\tex/generic/pgf/utilities\pgfkeys
.code.tex))
(C:\Users\User\AppData\Local\Programs\MiKTeX1\tex/latex/pgf/math\pgfmath.sty
(C:\Users\User\AppData\Local\Programs\MiKTeX1\tex/generic/pgf/math\pgfmath.code
.tex))
(C:\Users\User\AppData\Local\Programs\MiKTeX1\tex/generic/pgf/utilities\pgffor.
code.tex
Package: pgffor 2025-08-29 v3.1.11a (3.1.11a)
\pgffor@iter=\dimen263
\pgffor@skip=\dimen264
\pgffor@stack=\toks32
\pgffor@toks=\toks33
))
(C:\Users\User\AppData\Local\Programs\MiKTeX1\tex/generic/pgf/frontendlayer/tik
z\tikz.code.tex
Package: tikz 2025-08-29 v3.1.11a (3.1.11a)

(C:\Users\User\AppData\Local\Programs\MiKTeX1\tex/generic/pgf/libraries\pgflibr
aryplothandlers.code.tex
File: pgflibraryplothandlers.code.tex 2025-08-29 v3.1.11a (3.1.11a)
\pgf@plot@mark@count=\count447
\pgfplotmarksize=\dimen265
)
\tikz@lastx=\dimen266
\tikz@lasty=\dimen267
\tikz@lastxsaved=\dimen268
\tikz@lastysaved=\dimen269
\tikz@lastmovetox=\dimen270
\tikz@lastmovetoy=\dimen271
\tikzleveldistance=\dimen272
\tikzsiblingdistance=\dimen273
\tikz@figbox=\box68
\tikz@figbox@bg=\box69
\tikz@tempbox=\box70
\tikz@tempbox@bg=\box71
\tikztreelevel=\count448
\tikznumberofchildren=\count449
\tikznumberofcurrentchild=\count450
\tikz@fig@count=\count451

(C:\Users\User\AppData\Local\Programs\MiKTeX1\tex/generic/pgf/modules\pgfmodule
matrix.code.tex
File: pgfmodulematrix.code.tex 2025-08-29 v3.1.11a (3.1.11a)
\pgfmatrixcurrentrow=\count452
\pgfmatrixcurrentcolumn=\count453
\pgf@matrix@numberofcolumns=\count454
)
\tikz@expandcount=\count455

(C:\Users\User\AppData\Local\Programs\MiKTeX1\tex/generic/pgf/frontendlayer/tik
z/libraries\tikzlibrarytopaths.code.tex
File: tikzlibrarytopaths.code.tex 2025-08-29 v3.1.11a (3.1.11a)
)))
(C:\Users\User\AppData\Local\Programs\MiKTeX1\tex/generic/pgfplots\pgfplots.cod
e.tex
(C:\Users\User\AppData\Local\Programs\MiKTeX1\tex/generic/pgfplots\pgfplotscore
.code.tex
\t@pgfplots@toka=\toks34
\t@pgfplots@tokb=\toks35
\t@pgfplots@tokc=\toks36
\pgfplots@tmpa=\dimen274
\c@pgfplots@coordindex=\count456
\c@pgfplots@scanlineindex=\count457

(C:\Users\User\AppData\Local\Programs\MiKTeX1\tex/generic/pgfplots/sys\pgfplots
sysgeneric.code.tex))
(C:\Users\User\AppData\Local\Programs\MiKTeX1\tex/generic/pgfplots/libs\pgfplot
slibrary.code.tex)
(C:\Users\User\AppData\Local\Programs\MiKTeX1\tex/generic/pgfplots/oldpgfcompat
ib\pgfplotsoldpgfsupp_loader.code.tex
(C:\Users\User\AppData\Local\Programs\MiKTeX1\tex/generic/pgf/libraries\pgflibr
aryfpu.code.tex)
Package pgfplots: loading complementary utilities for your pgf version...
\t@pgf@toka=\toks37
\t@pgf@tokb=\toks38
\t@pgf@tokc=\toks39

(C:\Users\User\AppData\Local\Programs\MiKTeX1\tex/generic/pgfplots/oldpgfcompat
ib\pgfplotsoldpgfsupp_pgfutil-common-lists.tex))
(C:\Users\User\AppData\Local\Programs\MiKTeX1\tex/generic/pgfplots/util\pgfplot
sutil.code.tex
(C:\Users\User\AppData\Local\Programs\MiKTeX1\tex/generic/pgfplots/liststructur
e\pgfplotsliststructure.code.tex)
(C:\Users\User\AppData\Local\Programs\MiKTeX1\tex/generic/pgfplots/liststructur
e\pgfplotsliststructureext.code.tex)
(C:\Users\User\AppData\Local\Programs\MiKTeX1\tex/generic/pgfplots/liststructur
e\pgfplotsarray.code.tex
\c@pgfplotsarray@tmp=\count458
)
(C:\Users\User\AppData\Local\Programs\MiKTeX1\tex/generic/pgfplots/liststructur
e\pgfplotsmatrix.code.tex)
(C:\Users\User\AppData\Local\Programs\MiKTeX1\tex/generic/pgfplots/numtable\pgf
plotstableshared.code.tex
\c@pgfplotstable@counta=\count459
\t@pgfplotstable@a=\toks40
)
(C:\Users\User\AppData\Local\Programs\MiKTeX1\tex/generic/pgfplots/liststructur
e\pgfplotsdeque.code.tex)
(C:\Users\User\AppData\Local\Programs\MiKTeX1\tex/generic/pgfplots/util\pgfplot
sbinary.code.tex
(C:\Users\User\AppData\Local\Programs\MiKTeX1\tex/generic/pgfplots/util\pgfplot
sbinary.data.code.tex))
(C:\Users\User\AppData\Local\Programs\MiKTeX1\tex/generic/pgfplots/util\pgfplot
sutil.verb.code.tex)
(C:\Users\User\AppData\Local\Programs\MiKTeX1\tex/generic/pgfplots/libs\pgflibr
arypgfplots.surfshading.code.tex
\c@pgfplotslibrarysurf@no=\count460

(C:\Users\User\AppData\Local\Programs\MiKTeX1\tex/generic/pgfplots/sys\pgflibra
rypgfplots.surfshading.pgfsys-xetex.def
(C:\Users\User\AppData\Local\Programs\MiKTeX1\tex/generic/pgfplots/sys\pgflibra
rypgfplots.surfshading.pgfsys-dvipdfmx.def
\c@pgfplotslibrarysurf@streamlen=\count461
))))
(C:\Users\User\AppData\Local\Programs\MiKTeX1\tex/generic/pgfplots/util\pgfplot
scolormap.code.tex
(C:\Users\User\AppData\Local\Programs\MiKTeX1\tex/generic/pgfplots/util\pgfplot
scolor.code.tex))
(C:\Users\User\AppData\Local\Programs\MiKTeX1\tex/generic/pgfplots\pgfplotsstac
kedplots.code.tex)
(C:\Users\User\AppData\Local\Programs\MiKTeX1\tex/generic/pgfplots\pgfplotsplot
handlers.code.tex
(C:\Users\User\AppData\Local\Programs\MiKTeX1\tex/generic/pgfplots\pgfplotsmesh
plothandler.code.tex
(C:\Users\User\AppData\Local\Programs\MiKTeX1\tex/generic/pgfplots\pgfplotsmesh
plotimage.code.tex)))
(C:\Users\User\AppData\Local\Programs\MiKTeX1\tex/generic/pgfplots\pgfplots.sca
ling.code.tex)
(C:\Users\User\AppData\Local\Programs\MiKTeX1\tex/generic/pgfplots\pgfplotscoor
dprocessing.code.tex)
(C:\Users\User\AppData\Local\Programs\MiKTeX1\tex/generic/pgfplots\pgfplots.err
orbars.code.tex)
(C:\Users\User\AppData\Local\Programs\MiKTeX1\tex/generic/pgfplots\pgfplots.mar
kers.code.tex)
(C:\Users\User\AppData\Local\Programs\MiKTeX1\tex/generic/pgfplots\pgfplotstick
s.code.tex)
(C:\Users\User\AppData\Local\Programs\MiKTeX1\tex/generic/pgfplots\pgfplots.pat
hs.code.tex)
(C:\Users\User\AppData\Local\Programs\MiKTeX1\tex/generic/pgf/frontendlayer/tik
z/libraries\tikzlibrarydecorations.code.tex
(C:\Users\User\AppData\Local\Programs\MiKTeX1\tex/generic/pgf/modules\pgfmodule
decorations.code.tex
\pgfdecoratedcompleteddistance=\dimen275
\pgfdecoratedremainingdistance=\dimen276
\pgfdecoratedinputsegmentcompleteddistance=\dimen277
\pgfdecoratedinputsegmentremainingdistance=\dimen278
\pgf@decorate@distancetomove=\dimen279
\pgf@decorate@repeatstate=\count462
\pgfdecorationsegmentamplitude=\dimen280
\pgfdecorationsegmentlength=\dimen281
)
\tikz@lib@dec@box=\box72
)
(C:\Users\User\AppData\Local\Programs\MiKTeX1\tex/generic/pgf/frontendlayer/tik
z/libraries\tikzlibrarydecorations.pathmorphing.code.tex
(C:\Users\User\AppData\Local\Programs\MiKTeX1\tex/generic/pgf/libraries/decorat
ions\pgflibrarydecorations.pathmorphing.code.tex))
(C:\Users\User\AppData\Local\Programs\MiKTeX1\tex/generic/pgf/frontendlayer/tik
z/libraries\tikzlibrarydecorations.pathreplacing.code.tex
(C:\Users\User\AppData\Local\Programs\MiKTeX1\tex/generic/pgf/libraries/decorat
ions\pgflibrarydecorations.pathreplacing.code.tex))
(C:\Users\User\AppData\Local\Programs\MiKTeX1\tex/generic/pgfplots/libs\tikzlib
rarypgfplots.contourlua.code.tex)
\pgfplots@numplots=\count463
\pgfplots@xmin@reg=\dimen282
\pgfplots@xmax@reg=\dimen283
\pgfplots@ymin@reg=\dimen284
\pgfplots@ymax@reg=\dimen285
\pgfplots@zmin@reg=\dimen286
\pgfplots@zmax@reg=\dimen287
)
(C:\Users\User\AppData\Local\Programs\MiKTeX1\tex/generic/pgf/frontendlayer/tik
z/libraries\tikzlibraryplotmarks.code.tex
File: tikzlibraryplotmarks.code.tex 2025-08-29 v3.1.11a (3.1.11a)

(C:\Users\User\AppData\Local\Programs\MiKTeX1\tex/generic/pgf/libraries\pgflibr
aryplotmarks.code.tex
File: pgflibraryplotmarks.code.tex 2025-08-29 v3.1.11a (3.1.11a)
)))
(C:\Users\User\AppData\Local\Programs\MiKTeX1\tex/latex/epigraph\epigraph.sty
Package: epigraph 2020/01/02 v1.5e typesetting epigraphs

(C:\Users\User\AppData\Local\Programs\MiKTeX1\tex/latex/nextpage\nextpage.sty
Package: nextpage 2009/09/03 v1.1a additional page commands
)
\beforeepigraphskip=\skip92
\afterepigraphskip=\skip93
\epigraphwidth=\skip94
\epigraphrule=\skip95
)
(C:\Users\User\AppData\Local\Programs\MiKTeX1\tex/latex/glossaries/base\glossar
ies.sty
Package: glossaries 2025/08/11 v4.8 (NLCT)

(C:\Users\User\AppData\Local\Programs\MiKTeX1\tex/latex/xkeyval\xkeyval.sty
Package: xkeyval 2022/06/16 v2.9 package option processing (HA)

(C:\Users\User\AppData\Local\Programs\MiKTeX1\tex/generic/xkeyval\xkeyval.tex
(C:\Users\User\AppData\Local\Programs\MiKTeX1\tex/generic/xkeyval\xkvutils.tex
\XKV@toks=\toks41
\XKV@tempa@toks=\toks42
)
\XKV@depth=\count464
File: xkeyval.tex 2014/12/03 v2.7a key=value parser (HA)
))
(C:\Users\User\AppData\Local\Programs\MiKTeX1\tex/latex/mfirstuc\mfirstuc.sty
Package: mfirstuc 2025/04/03 v2.09 (NLCT)
\@glsmfirst=\toks43
\@glsmrest=\toks44
)
(C:\Users\User\AppData\Local\Programs\MiKTeX1\tex/latex/xfor\xfor.sty
Package: xfor 2009/02/05 v1.05 (NLCT)
)
(C:\Users\User\AppData\Local\Programs\MiKTeX1\tex/latex/amsmath\amsgen.sty
File: amsgen.sty 1999/11/30 v2.0 generic functions
\@emptytoks=\toks45
\ex@=\dimen288
)
(C:\Users\User\AppData\Local\Programs\MiKTeX1\tex/latex/datatool\datatool-base.
sty
Package: datatool-base 2025/04/25 v3.4.1 (NLCT)
 (C:\Users\User\AppData\Local\Programs\MiKTeX1\tex/latex/amsmath\amsmath.sty
Package: amsmath 2025/06/16 v2.17y AMS math features
\@mathmargin=\skip96
For additional information on amsmath, use the `?' option.
(C:\Users\User\AppData\Local\Programs\MiKTeX1\tex/latex/amsmath\amstext.sty
Package: amstext 2024/11/17 v2.01 AMS text
)
(C:\Users\User\AppData\Local\Programs\MiKTeX1\tex/latex/amsmath\amsbsy.sty
Package: amsbsy 1999/11/29 v1.2d Bold Symbols
\pmbraise@=\dimen289
)
(C:\Users\User\AppData\Local\Programs\MiKTeX1\tex/latex/amsmath\amsopn.sty
Package: amsopn 2022/04/08 v2.04 operator names
)
\inf@bad=\count465
LaTeX Info: Redefining \frac on input line 233.
\uproot@=\count466
\leftroot@=\count467
LaTeX Info: Redefining \overline on input line 398.
LaTeX Info: Redefining \colon on input line 409.
\classnum@=\count468
\DOTSCASE@=\count469
LaTeX Info: Redefining \ldots on input line 495.
LaTeX Info: Redefining \dots on input line 498.
LaTeX Info: Redefining \cdots on input line 619.
\Mathstrutbox@=\box73
\strutbox@=\box74
LaTeX Info: Redefining \big on input line 721.
LaTeX Info: Redefining \Big on input line 722.
LaTeX Info: Redefining \bigg on input line 723.
LaTeX Info: Redefining \Bigg on input line 724.
\big@size=\dimen290
LaTeX Font Info:    Redeclaring font encoding OML on input line 742.
LaTeX Font Info:    Redeclaring font encoding OMS on input line 743.
\macc@depth=\count470
LaTeX Info: Redefining \bmod on input line 904.
LaTeX Info: Redefining \pmod on input line 909.
LaTeX Info: Redefining \smash on input line 939.
LaTeX Info: Redefining \relbar on input line 969.
LaTeX Info: Redefining \Relbar on input line 970.
\c@MaxMatrixCols=\count471
\dotsspace@=\muskip22
\c@parentequation=\count472
\dspbrk@lvl=\count473
\tag@help=\toks46
\row@=\count474
\column@=\count475
\maxfields@=\count476
\andhelp@=\toks47
\eqnshift@=\dimen291
\alignsep@=\dimen292
\tagshift@=\dimen293
\tagwidth@=\dimen294
\totwidth@=\dimen295
\lineht@=\dimen296
\@envbody=\toks48
\multlinegap=\skip97
\multlinetaggap=\skip98
\mathdisplay@stack=\toks49
LaTeX Info: Redefining \[ on input line 2949.
LaTeX Info: Redefining \] on input line 2950.
)
(C:\Users\User\AppData\Local\Programs\MiKTeX1\tex/latex/tracklang\tracklang.sty
Package: tracklang 2025/03/11 v1.6.6 (NLCT) Track Languages

(C:\Users\User\AppData\Local\Programs\MiKTeX1\tex/generic/tracklang\tracklang.t
ex))
(C:\Users\User\AppData\Local\Programs\MiKTeX1\tex/latex/datatool\datatool-l3fp.
def
File: datatool-l3fp.def 2025/04/25 v3.4.1 (NLCT)
)
\@dtl@toks=\toks50
\@dtl@tmpcount=\count477
\dtl@tmplength=\skip99
\l__datatool_measure_box=\box75
\dtl@sortresult=\count478

(C:\Users\User\AppData\Local\Programs\MiKTeX1\tex/latex/datatool\datatool-utf8.
ldf
File: datatool-utf8.ldf 2025/04/25 v3.4.1 (NLCT)
)
\@dtl@datatype=\count479
\l__datatool_tmpa_int=\count480
\l__datatool_tmpb_int=\count481
\l__datatool_tmpc_int=\count482
\l__datatool_tmpd_int=\count483
\l__datatool_count_int=\count484
\l__datatool_tmp_datatype_int=\count485
\l__datatool_tmpa_dim=\dimen297
\l__datatool_tmpb_dim=\dimen298
\c_datatool_unknown_int=\count486
\l__datatool_year_int=\count487
\l__datatool_month_int=\count488
\l__datatool_day_int=\count489
\l__datatool_hour_int=\count490
\l__datatool_minute_int=\count491
\l__datatool_second_int=\count492
\l__datatool_tzhour_int=\count493
\l__datatool_tzminute_int=\count494
\l__datatool_julian_int=\count495
\l__datatool_local_julian_int=\count496
\l__datatool_prefix_int=\count497
\l__datatool_suffix_int=\count498
\@dtl@foreach@level=\count499
\dtl@codeA=\count500
\dtl@codeB=\count501
)
\gls@level=\count502
\@gls@tmpb=\toks51
\gls@tmplen=\skip100
\l__glossaries_tmpa_dim=\dimen299
\l__glossaries_tmpb_dim=\dimen300
\glskeylisttok=\toks52
\glslabeltok=\toks53
\glsshorttok=\toks54
\glslongtok=\toks55

(C:\Users\User\AppData\Local\Programs\MiKTeX1\tex/latex/glossaries/styles\gloss
ary-hypernav.sty
Package: glossary-hypernav 2025/08/11 v4.8 (NLCT)
)
(C:\Users\User\AppData\Local\Programs\MiKTeX1\tex/latex/glossaries/styles\gloss
ary-list.sty
Package: glossary-list 2025/08/11 v4.8 (NLCT)
\glslistdottedwidth=\skip101
)
(C:\Users\User\AppData\Local\Programs\MiKTeX1\tex/latex/glossaries/styles\gloss
ary-long.sty
Package: glossary-long 2025/08/11 v4.8 (NLCT)

(C:\Users\User\AppData\Local\Programs\MiKTeX1\tex/latex/tools\longtable.sty
Package: longtable 2024-12-18 v4.23 Multi-page Table package (DPC)
\LTleft=\skip102
\LTright=\skip103
\LTpre=\skip104
\LTpost=\skip105
\LTchunksize=\count503
\LTcapwidth=\dimen301
\LT@head=\box76
\LT@firsthead=\box77
\LT@foot=\box78
\LT@lastfoot=\box79
\LT@gbox=\box80
\LT@cols=\count504
\LT@rows=\count505
\c@LT@tables=\count506
\c@LT@chunks=\count507
\LT@p@ftn=\toks56
)
Class scrbook Info: longtable captions redefined on input line 47.
\glsdescwidth=\skip106
\glspagelistwidth=\skip107
)
(C:\Users\User\AppData\Local\Programs\MiKTeX1\tex/latex/glossaries/styles\gloss
ary-super.sty
Package: glossary-super 2025/08/11 v4.8 (NLCT)

(C:\Users\User\AppData\Local\Programs\MiKTeX1\tex/latex/supertabular\supertabul
ar.sty
Package: supertabular 2024/07/20 v4.2c the supertabular environment
\c@tracingst=\count508
\ST@wd=\dimen302
\ST@rightskip=\skip108
\ST@leftskip=\skip109
\ST@parfillskip=\skip110
\ST@pageleft=\dimen303
\ST@headht=\dimen304
\ST@tailht=\dimen305
\ST@pagesofar=\dimen306
\ST@pboxht=\dimen307
\ST@rowht=\dimen308
\ST@prevht=\dimen309
\ST@toadd=\dimen310
\ST@dimen=\dimen311
\ST@pbox=\box81
))
(C:\Users\User\AppData\Local\Programs\MiKTeX1\tex/latex/glossaries/styles\gloss
ary-tree.sty
Package: glossary-tree 2025/08/11 v4.8 (NLCT)
\l__glossaries_tree_max_known_level_int=\count509
\l__glossaries_tree_offset_dim=\dimen312
\l__glossaries_tree_namewidth_dim=\dimen313
\l__glossaries_tree_symbolwidth_dim=\dimen314
\l__glossaries_tree_prenamesym_width_dim=\dimen315
\l__glossaries_tree_presubnamesym_width_dim=\dimen316
\l__glossaries_tree_namewidth_padding_dim=\dimen317
\l__glossaries_tree_symbolwidth_padding_dim=\dimen318
\l__glossaries_tree_namesymbolwidth_dim=\dimen319
\l__glossaries_tree_namesymbolwidth_padding_dim=\dimen320
\l__glossaries_tree_level_int=\count510
\glstreeindent=\skip111
))
\glswrite=\write5
\glo@main@file=\write6
\openout6 = `Beatty_DSS_Essay.glo'.

Package glossaries Info: Writing glossary file Beatty_DSS_Essay.glo on input li
ne 29.
\glo@acronym@file=\write7
\openout7 = `Beatty_DSS_Essay.acn'.

Package glossaries Info: Writing glossary file Beatty_DSS_Essay.acn on input li
ne 29.

(C:\Users\User\AppData\Local\Programs\MiKTeX1\tex/latex/imakeidx\imakeidx.sty
Package: imakeidx 2016/10/15 v1.3e Package for typesetting indices in a synchro
nous mode

(C:\Users\User\AppData\Local\Programs\MiKTeX1\tex/generic/iftex\ifxetex.sty
Package: ifxetex 2019/10/25 v0.7 ifxetex legacy package. Use iftex instead.
)
(C:\Users\User\AppData\Local\Programs\MiKTeX1\tex/generic/iftex\ifluatex.sty
Package: ifluatex 2019/10/25 v1.5 ifluatex legacy package. Use iftex instead.
)
(C:\Users\User\AppData\Local\Programs\MiKTeX1\tex/latex/tools\multicol.sty
Package: multicol 2025/05/25 v2.0a multicolumn formatting (FMi)
\c@tracingmulticols=\count511
\mult@box=\box82
\multicol@leftmargin=\dimen321
\c@unbalance=\count512
\c@collectmore=\count513
\doublecol@number=\count514
\multicoltolerance=\count515
\multicolpretolerance=\count516
\full@width=\dimen322
\page@free=\dimen323
\premulticols=\dimen324
\postmulticols=\dimen325
\multicolsep=\skip112
\multicolbaselineskip=\skip113
\partial@page=\box83
\last@line=\box84
\mc@boxedresult=\box85
\maxbalancingoverflow=\dimen326
\mult@rightbox=\box86
\mult@grightbox=\box87
\mult@firstbox=\box88
\mult@gfirstbox=\box89
\@tempa=\box90
\@tempa=\box91
\@tempa=\box92
\@tempa=\box93
\@tempa=\box94
\@tempa=\box95
\@tempa=\box96
\@tempa=\box97
\@tempa=\box98
\@tempa=\box99
\@tempa=\box100
\@tempa=\box101
\@tempa=\box102
\@tempa=\box103
\@tempa=\box104
\@tempa=\box105
\@tempa=\box106
\@tempa=\box107
\@tempa=\box108
\@tempa=\box109
\@tempa=\box110
\@tempa=\box111
\@tempa=\box112
\@tempa=\box113
\@tempa=\box114
\@tempa=\box115
\@tempa=\box116
\@tempa=\box117
\@tempa=\box118
\@tempa=\box119
\@tempa=\box120
\@tempa=\box121
\@tempa=\box122
\@tempa=\box123
\@tempa=\box124
\@tempa=\box125
\c@minrows=\count517
\c@columnbadness=\count518
\c@finalcolumnbadness=\count519
\last@try=\dimen327
\multicolovershoot=\dimen328
\multicolundershoot=\dimen329
\mult@nat@firstbox=\box126
\colbreak@box=\box127
\mc@col@check@num=\count520
\g__mc_curr_col_int=\count521
))
\Beatty_DSS_Essay@idxfile=\write8
\openout8 = `Beatty_DSS_Essay.idx'.


Writing index file Beatty_DSS_Essay.idx
(Style_Formatting/Document_Formatting/Document_Formatting.tex
(C:\Users\User\AppData\Local\Programs\MiKTeX1\tex/latex/fontspec\fontspec.sty
Package: fontspec 2024/05/11 v2.9e Font selection for XeLaTeX and LuaLaTeX

(C:\Users\User\AppData\Local\Programs\MiKTeX1\tex/latex/fontspec\fontspec-xetex
.sty
Package: fontspec-xetex 2024/05/11 v2.9e Font selection for XeLaTeX and LuaLaTe
X
\l__fontspec_script_int=\count522
\l__fontspec_language_int=\count523
\l__fontspec_strnum_int=\count524
\l__fontspec_tmp_int=\count525
\l__fontspec_tmpa_int=\count526
\l__fontspec_tmpb_int=\count527
\l__fontspec_tmpc_int=\count528
\l__fontspec_em_int=\count529
\l__fontspec_emdef_int=\count530
\l__fontspec_strong_int=\count531
\l__fontspec_strongdef_int=\count532
\l__fontspec_tmpa_dim=\dimen330
\l__fontspec_tmpb_dim=\dimen331
\l__fontspec_tmpc_dim=\dimen332
 (C:\Users\User\AppData\Local\Programs\MiKTeX1\tex/latex/base\fontenc.sty
Package: fontenc 2024/12/21 v2.1c Standard LaTeX package
)
(C:\Users\User\AppData\Local\Programs\MiKTeX1\tex/latex/fontspec\fontspec.cfg))
)

Package fontspec Info: 
(fontspec)             Font family 'TimesNewRoman(0)' created for font 'Times
(fontspec)             New Roman' with options [Ligatures=TeX].
(fontspec)              
(fontspec)              This font family consists of the following NFSS
(fontspec)             series/shapes:
(fontspec)              
(fontspec)             - 'normal' (m/n) with NFSS spec.: <->"Times New
(fontspec)             Roman/OT:script=latn;language=dflt;mapping=tex-text;"
(fontspec)             - 'small caps'  (m/sc) with NFSS spec.: <->"Times New
(fontspec)             Roman/OT:script=latn;language=dflt;+smcp;mapping=tex-tex
t;"
(fontspec)             - 'bold' (b/n) with NFSS spec.: <->"Times New
(fontspec)             Roman/B/OT:script=latn;language=dflt;mapping=tex-text;"
(fontspec)             - 'bold small caps'  (b/sc) with NFSS spec.: <->"Times
(fontspec)             New
(fontspec)             Roman/B/OT:script=latn;language=dflt;+smcp;mapping=tex-t
ext;"
(fontspec)             - 'italic' (m/it) with NFSS spec.: <->"Times New
(fontspec)             Roman/I/OT:script=latn;language=dflt;mapping=tex-text;"
(fontspec)             - 'italic small caps'  (m/scit) with NFSS spec.:
(fontspec)             <->"Times New
(fontspec)             Roman/I/OT:script=latn;language=dflt;+smcp;mapping=tex-t
ext;"
(fontspec)             - 'bold italic' (b/it) with NFSS spec.: <->"Times New
(fontspec)             Roman/BI/OT:script=latn;language=dflt;mapping=tex-text;"

(fontspec)             - 'bold italic small caps'  (b/scit) with NFSS spec.:
(fontspec)             <->"Times New
(fontspec)             Roman/BI/OT:script=latn;language=dflt;+smcp;mapping=tex-
text;"


Package fontspec Info: 
(fontspec)             Font family 'Arial(0)' created for font 'Arial' with
(fontspec)             options [Ligatures=TeX].
(fontspec)              
(fontspec)              This font family consists of the following NFSS
(fontspec)             series/shapes:
(fontspec)              
(fontspec)             - 'normal' (m/n) with NFSS spec.:
(fontspec)             <->"Arial/OT:script=latn;language=dflt;mapping=tex-text;
"
(fontspec)             - 'small caps'  (m/sc) with NFSS spec.:
(fontspec)             <->"Arial/OT:script=latn;language=dflt;+smcp;mapping=tex
-text;"
(fontspec)             - 'bold' (b/n) with NFSS spec.:
(fontspec)             <->"Arial/B/OT:script=latn;language=dflt;mapping=tex-tex
t;"
(fontspec)             - 'bold small caps'  (b/sc) with NFSS spec.:
(fontspec)             <->"Arial/B/OT:script=latn;language=dflt;+smcp;mapping=t
ex-text;"
(fontspec)             - 'italic' (m/it) with NFSS spec.:
(fontspec)             <->"Arial/I/OT:script=latn;language=dflt;mapping=tex-tex
t;"
(fontspec)             - 'italic small caps'  (m/scit) with NFSS spec.:
(fontspec)             <->"Arial/I/OT:script=latn;language=dflt;+smcp;mapping=t
ex-text;"
(fontspec)             - 'bold italic' (b/it) with NFSS spec.:
(fontspec)             <->"Arial/BI/OT:script=latn;language=dflt;mapping=tex-te
xt;"
(fontspec)             - 'bold italic small caps'  (b/scit) with NFSS spec.:
(fontspec)             <->"Arial/BI/OT:script=latn;language=dflt;+smcp;mapping=
tex-text;"


Package fontspec Info: 
(fontspec)             Font family 'CourierNew(0)' created for font 'Courier
(fontspec)             New' with options
(fontspec)             [WordSpace={1,0,0},HyphenChar=None,PunctuationSpace=Word
Space].
(fontspec)              
(fontspec)              This font family consists of the following NFSS
(fontspec)             series/shapes:
(fontspec)              
(fontspec)             - 'normal' (m/n) with NFSS spec.: <->"Courier
(fontspec)             New/OT:script=latn;language=dflt;"
(fontspec)             - 'bold' (b/n) with NFSS spec.: <->"Courier
(fontspec)             New/B/OT:script=latn;language=dflt;"
(fontspec)             - 'italic' (m/it) with NFSS spec.: <->"Courier
(fontspec)             New/I/OT:script=latn;language=dflt;"
(fontspec)             - 'bold italic' (b/it) with NFSS spec.: <->"Courier
(fontspec)             New/BI/OT:script=latn;language=dflt;"


(C:\Users\User\AppData\Local\Programs\MiKTeX1\tex/latex/koma-script\scrlayer-sc
rpage.sty
Package: scrlayer-scrpage 2025/08/28 v3.47 KOMA-Script package (end user interf
ace for scrlayer)

(C:\Users\User\AppData\Local\Programs\MiKTeX1\tex/latex/koma-script\scrlayer.st
y
Package: scrlayer 2025/08/28 v3.47 KOMA-Script package (defining layers and pag
e styles)
Package scrlayer Info: patching LaTeX kernel macro \pagestyle on input line 217
9.
)
Package scrlayer-scrpage Info: Makeing stand-alone element `pagehead' from
(scrlayer-scrpage)             alias to `pageheadfoot' on input line 1106.
)) (Style_Formatting/Referencing_Formatting/Referencing_Formatting.tex)
(Frontmatter_Backmatter/Glossary.tex)
Package csquotes Info: Checking for multilingual support...
Package csquotes Info: ... none found.


Package biblatex Warning: Conflicting options.
(biblatex)                '<namepart>inits' conflicts with 'uniquename=full'.
(biblatex)                Setting 'uniquename=init' on input line 62.

Class scrbook Info: loading recommended package `bookmark'.
(scrbook)           Using `bookmark' together with `hyperref' is recommended,
(scrbook)           because of handling of possible bookmark level gaps.
(scrbook)           You can avoid loading `bookmark' with KOMA-Script option
(scrbook)           `bookmarkpackage=false' before \begin{document} and
(scrbook)           you can avoid this message adding:
(scrbook)             \usepackage{bookmark}
(scrbook)           before \begin{document} on input line 62.
(C:\Users\User\AppData\Local\Programs\MiKTeX1\tex/latex/bookmark\bookmark.sty
Package: bookmark 2023-12-10 v1.31 PDF bookmarks (HO)

(C:\Users\User\AppData\Local\Programs\MiKTeX1\tex/latex/bookmark\bkm-dvipdfm.de
f
File: bkm-dvipdfm.def 2023-12-10 v1.31 bookmark driver for dvipdfm (HO)
\BKM@id=\count533
)) (Beatty_DSS_Essay.aux (chapters/Chapter_1.aux) (chapters/Chapter_0.aux)
(chapters/Chapter_2.aux) (chapters/Chapter_3.aux) (chapters/Chapter_4.aux)
(chapters/Chapter_5.aux))
\openout1 = `Beatty_DSS_Essay.aux'.

LaTeX Font Info:    Checking defaults for OML/cmm/m/it on input line 62.
LaTeX Font Info:    ... okay on input line 62.
LaTeX Font Info:    Checking defaults for OMS/cmsy/m/n on input line 62.
LaTeX Font Info:    ... okay on input line 62.
LaTeX Font Info:    Checking defaults for OT1/cmr/m/n on input line 62.
LaTeX Font Info:    ... okay on input line 62.
LaTeX Font Info:    Checking defaults for T1/cmr/m/n on input line 62.
LaTeX Font Info:    ... okay on input line 62.
LaTeX Font Info:    Checking defaults for TS1/cmr/m/n on input line 62.
LaTeX Font Info:    ... okay on input line 62.
LaTeX Font Info:    Checking defaults for TU/lmr/m/n on input line 62.
LaTeX Font Info:    ... okay on input line 62.
LaTeX Font Info:    Checking defaults for OMX/cmex/m/n on input line 62.
LaTeX Font Info:    ... okay on input line 62.
LaTeX Font Info:    Checking defaults for U/cmr/m/n on input line 62.
LaTeX Font Info:    ... okay on input line 62.
LaTeX Font Info:    Checking defaults for PD1/pdf/m/n on input line 62.
LaTeX Font Info:    ... okay on input line 62.
LaTeX Font Info:    Checking defaults for PU/pdf/m/n on input line 62.
LaTeX Font Info:    ... okay on input line 62.
Package scrbase Info: activating english \partname on input line 62.
Package scrbase Info: activating english \chaptername on input line 62.
Package scrbase Info: activating english \appendixname on input line 62.
Package scrbase Info: activating english \figurename on input line 62.
Package scrbase Info: activating english \tablename on input line 62.
Package scrbase Info: activating english \contentsname on input line 62.
Package scrbase Info: activating english \listfigurename on input line 62.
Package scrbase Info: activating english \listtablename on input line 62.
Package scrbase Info: activating english \bibname on input line 62.
Package scrbase Info: activating english \indexname on input line 62.
Package biblatex Info: Trying to load language 'english'...
Package biblatex Info: ... file 'english.lbx' found.

(C:\Users\User\AppData\Local\Programs\MiKTeX1\tex/latex/biblatex/lbx\english.lb
x
File: english.lbx 2025/07/10 v3.21 biblatex localization (PK/MW)
)
Package biblatex Info: XeTeX detected.
(biblatex)             Assuming input encoding 'utf8'.
Package biblatex Info: Automatic encoding selection.
(biblatex)             Assuming data encoding 'utf8'.
\openout3 = `Beatty_DSS_Essay.bcf'.

Package biblatex Info: Trying to load bibliographic data...
Package biblatex Info: ... file 'Beatty_DSS_Essay.bbl' found.
 (Beatty_DSS_Essay.bbl

Package biblatex Warning: Biber reported the following issues
(biblatex)                with 'KELLER_2002':
(biblatex)                - article entry 'KELLER_2002' (C:/Users/User/Document
s/JCSC/Master_Sources/AB03_JCSC_bibliography.bib): Invalid format '10 March' of
 date field 'date' - ignoring.


Package biblatex Warning: The following entry could not be found
(biblatex)                in the database:
(biblatex)                DSS_STRUCTURE_MK2
(biblatex)                Please verify the spelling and rerun
(biblatex)                LaTeX afterwards.


Package biblatex Warning: The following entry could not be found
(biblatex)                in the database:
(biblatex)                DUMAN_RAKIPOGLU_2025
(biblatex)                Please verify the spelling and rerun
(biblatex)                LaTeX afterwards.


Package biblatex Warning: The following entry could not be found
(biblatex)                in the database:
(biblatex)                MEARSHIMER_1994
(biblatex)                Please verify the spelling and rerun
(biblatex)                LaTeX afterwards.


Package biblatex Warning: The following entry could not be found
(biblatex)                in the database:
(biblatex)                ROTHSTEIN_1968
(biblatex)                Please verify the spelling and rerun
(biblatex)                LaTeX afterwards.


Package biblatex Warning: The following entry could not be found
(biblatex)                in the database:
(biblatex)                WALTZ_1969
(biblatex)                Please verify the spelling and rerun
(biblatex)                LaTeX afterwards.


Package biblatex Warning: The following entry could not be found
(biblatex)                in the database:
(biblatex)                WHITE_2019
(biblatex)                Please verify the spelling and rerun
(biblatex)                LaTeX afterwards.

)
Package biblatex Info: Reference section=0 on input line 62.
Package biblatex Info: Reference segment=0 on input line 62.

*geometry* driver: auto-detecting
*geometry* detected driver: xetex
*geometry* verbose mode - [ preamble ] result:
* driver: xetex
* paper: a4paper
* layout: <same size as paper>
* layoutoffset:(h,v)=(0.0pt,0.0pt)
* modes: twoside 
* h-part:(L,W,R)=(113.81102pt, 426.79135pt, 56.9055pt)
* v-part:(T,H,B)=(71.13188pt, 702.78308pt, 71.13188pt)
* \paperwidth=597.50787pt
* \paperheight=845.04684pt
* \textwidth=426.79135pt
* \textheight=702.78308pt
* \oddsidemargin=41.54103pt
* \evensidemargin=-15.36449pt
* \topmargin=-41.0131pt
* \headheight=18.125pt
* \headsep=21.75pt
* \topskip=12.0pt
* \footskip=50.75pt
* \marginparwidth=74.68849pt
* \marginparsep=12.8401pt
* \columnsep=10.0pt
* \skip\footins=10.8pt plus 4.0pt minus 2.0pt
* \hoffset=0.0pt
* \voffset=0.0pt
* \mag=1000
* \@twocolumnfalse
* \@twosidetrue
* \@mparswitchtrue
* \@reversemarginfalse
* (1in=72.27pt=25.4mm, 1cm=28.453pt)

Package hyperref Info: Link coloring OFF on input line 62.

Package pgfplots Warning: running in backwards compatibility mode (unsuitable t
ick labels; missing features). Consider writing \pgfplotsset{compat=1.18} into 
your preamble.
 on input line 62.


Package fontspec Info: 
(fontspec)             Adjusting the maths setup (use [no-math] to avoid
(fontspec)             this).

\symlegacymaths=\mathgroup4
LaTeX Font Info:    Overwriting symbol font `legacymaths' in version `bold'
(Font)                  OT1/cmr/m/n --> OT1/cmr/bx/n on input line 62.
LaTeX Font Info:    Redeclaring math accent \acute on input line 62.
LaTeX Font Info:    Redeclaring math accent \grave on input line 62.
LaTeX Font Info:    Redeclaring math accent \ddot on input line 62.
LaTeX Font Info:    Redeclaring math accent \tilde on input line 62.
LaTeX Font Info:    Redeclaring math accent \bar on input line 62.
LaTeX Font Info:    Redeclaring math accent \breve on input line 62.
LaTeX Font Info:    Redeclaring math accent \check on input line 62.
LaTeX Font Info:    Redeclaring math accent \hat on input line 62.
LaTeX Font Info:    Redeclaring math accent \dot on input line 62.
LaTeX Font Info:    Redeclaring math accent \mathring on input line 62.
LaTeX Font Info:    Redeclaring math symbol \Gamma on input line 62.
LaTeX Font Info:    Redeclaring math symbol \Delta on input line 62.
LaTeX Font Info:    Redeclaring math symbol \Theta on input line 62.
LaTeX Font Info:    Redeclaring math symbol \Lambda on input line 62.
LaTeX Font Info:    Redeclaring math symbol \Xi on input line 62.
LaTeX Font Info:    Redeclaring math symbol \Pi on input line 62.
LaTeX Font Info:    Redeclaring math symbol \Sigma on input line 62.
LaTeX Font Info:    Redeclaring math symbol \Upsilon on input line 62.
LaTeX Font Info:    Redeclaring math symbol \Phi on input line 62.
LaTeX Font Info:    Redeclaring math symbol \Psi on input line 62.
LaTeX Font Info:    Redeclaring math symbol \Omega on input line 62.
LaTeX Font Info:    Redeclaring math symbol \mathdollar on input line 62.
LaTeX Font Info:    Redeclaring symbol font `operators' on input line 62.
LaTeX Font Info:    Encoding `OT1' has changed to `TU' for symbol font
(Font)              `operators' in the math version `normal' on input line 62.
LaTeX Font Info:    Overwriting symbol font `operators' in version `normal'
(Font)                  OT1/cmr/m/n --> TU/TimesNewRoman(0)/m/n on input line 6
2.
LaTeX Font Info:    Encoding `OT1' has changed to `TU' for symbol font
(Font)              `operators' in the math version `bold' on input line 62.
LaTeX Font Info:    Overwriting symbol font `operators' in version `bold'
(Font)                  OT1/cmr/bx/n --> TU/TimesNewRoman(0)/m/n on input line 
62.
LaTeX Font Info:    Overwriting symbol font `operators' in version `normal'
(Font)                  TU/TimesNewRoman(0)/m/n --> TU/TimesNewRoman(0)/m/n on 
input line 62.
LaTeX Font Info:    Overwriting math alphabet `\mathit' in version `normal'
(Font)                  OT1/cmr/m/it --> TU/TimesNewRoman(0)/m/it on input line
 62.
LaTeX Font Info:    Overwriting math alphabet `\mathbf' in version `normal'
(Font)                  OT1/cmr/bx/n --> TU/TimesNewRoman(0)/b/n on input line 
62.
LaTeX Font Info:    Overwriting math alphabet `\mathsf' in version `normal'
(Font)                  OT1/cmss/m/n --> TU/Arial(0)/m/n on input line 62.
LaTeX Font Info:    Overwriting math alphabet `\mathtt' in version `normal'
(Font)                  OT1/cmtt/m/n --> TU/CourierNew(0)/m/n on input line 62.

LaTeX Font Info:    Overwriting symbol font `operators' in version `bold'
(Font)                  TU/TimesNewRoman(0)/m/n --> TU/TimesNewRoman(0)/b/n on 
input line 62.
LaTeX Font Info:    Overwriting math alphabet `\mathit' in version `bold'
(Font)                  OT1/cmr/bx/it --> TU/TimesNewRoman(0)/b/it on input lin
e 62.
LaTeX Font Info:    Overwriting math alphabet `\mathsf' in version `bold'
(Font)                  OT1/cmss/bx/n --> TU/Arial(0)/b/n on input line 62.
LaTeX Font Info:    Overwriting math alphabet `\mathtt' in version `bold'
(Font)                  OT1/cmtt/m/n --> TU/CourierNew(0)/b/n on input line 62.


Package scrlayer-scrpage Warning: Very small head height detected!
(scrlayer-scrpage)                Using scrlayer-scrpage the head height
(scrlayer-scrpage)                should be at least \baselineskip, which is
(scrlayer-scrpage)                23.99748pt currently.
(scrlayer-scrpage)                But head height is currently 18.125pt only.
(scrlayer-scrpage)                You may use
(scrlayer-scrpage)                geometry option `head=23.99748pt'
(scrlayer-scrpage)                or load package `scrlayer-scrpage' with
(scrlayer-scrpage)                option `singlespacing=true'
(scrlayer-scrpage)                to avoid this warning.

(Frontmatter_Backmatter/Metadata.tex) (Frontmatter_Backmatter/Titlepage.tex

[1

\openout5 = `Beatty_DSS_Essay.ist'.





]) (Frontmatter_Backmatter/Declaration.tex)
Underfull \hbox (badness 10000) in paragraph at lines 38--74

 []



LaTeX Font Info:    Font shape `TU/TimesNewRoman(0)/m/sl' in size <12> not avai
lable
(Font)              Font shape `TU/TimesNewRoman(0)/m/it' tried instead on inpu
t line 81.

Package scrlayer-scrpage Warning: \headheight to low.
(scrlayer-scrpage)                At least 23.99747pt needed,
(scrlayer-scrpage)                but only 18.125pt found.
(scrlayer-scrpage)                I'll enlarge \headheight, for further
(scrlayer-scrpage)                processing, but you should do this yourself,
(scrlayer-scrpage)                e.g., setting geometry's option
(scrlayer-scrpage)                `head=23.99747pt'.
(scrlayer-scrpage)                I'll also decrease \topmargin on input line 8
1.


Overfull \vbox (5.87247pt too high) has occurred while \output is active []



Package scrlayer-scrpage Warning: \footheight to low.
(scrlayer-scrpage)                At least 23.99747pt needed,
(scrlayer-scrpage)                but only 18.125pt found.
(scrlayer-scrpage)                I'll enlarge \footheight, for further
(scrlayer-scrpage)                processing, but you should do this yourself,
(scrlayer-scrpage)                e.g., using
(scrlayer-scrpage)                  \setlength{\footheight}{23.99747pt}
(scrlayer-scrpage)                in your preamble.
(scrlayer-scrpage)                I'll also increase \footskip on input line 81
.

[2

]

[1


]

[2]
\openout2 = `chapters/Chapter_1.aux'.

 (chapters/Chapter_1.tex
chapter 1.


[3



]

LaTeX Warning: Citation 'ROTHSTEIN_1968' on page 4 undefined on input line 22.



[4]

LaTeX Warning: Citation 'MEARSHIMER_1994' undefined on input line 41.



[5]
Underfull \hbox (badness 10000) in paragraph at lines 51--51
[]|\TU/TimesNewRoman(0)/b/n/12 Capacity
 []


Underfull \hbox (badness 10000) in paragraph at lines 51--51
[]|\TU/TimesNewRoman(0)/b/n/12 Perception
 []


Underfull \hbox (badness 10000) in paragraph at lines 51--51
[]|\TU/TimesNewRoman(0)/b/n/12 Total
 []


Underfull \hbox (badness 10000) in paragraph at lines 53--54
[]|\TU/TimesNewRoman(0)/m/n/12 Fragile
 []


Underfull \hbox (badness 10000) in paragraph at lines 54--55
[]|\TU/TimesNewRoman(0)/m/n/12 Fragile
 []


Underfull \hbox (badness 10000) in paragraph at lines 55--56
[]|\TU/TimesNewRoman(0)/m/n/12 Fragile
 []


Underfull \hbox (badness 10000) in paragraph at lines 56--57
[]|\TU/TimesNewRoman(0)/m/n/12 Fragile
 []


Underfull \hbox (badness 10000) in paragraph at lines 57--58
[]|\TU/TimesNewRoman(0)/m/n/12 Fragile
 []


Underfull \hbox (badness 10000) in paragraph at lines 58--59
[]|\TU/TimesNewRoman(0)/m/n/12 Fragile
 []


Underfull \hbox (badness 10000) in paragraph at lines 60--61
[]|\TU/TimesNewRoman(0)/m/n/12 Functional
 []


Underfull \hbox (badness 10000) in paragraph at lines 62--63
[]|\TU/TimesNewRoman(0)/m/n/12 Functional
 []


Underfull \hbox (badness 10000) in paragraph at lines 65--66
[]|\TU/TimesNewRoman(0)/m/n/12 Functional
 []


Underfull \hbox (badness 10000) in paragraph at lines 66--67
[]|\TU/TimesNewRoman(0)/m/n/12 Middle
 []


Underfull \hbox (badness 10000) in paragraph at lines 67--68
[]|\TU/TimesNewRoman(0)/m/n/12 Middle
 []


Underfull \hbox (badness 10000) in paragraph at lines 68--69
[]|\TU/TimesNewRoman(0)/m/n/12 Middle
 []


Underfull \hbox (badness 10000) in paragraph at lines 69--70
[]|\TU/TimesNewRoman(0)/m/n/12 Great
 []


Underfull \hbox (badness 10000) in paragraph at lines 70--71
[]|\TU/TimesNewRoman(0)/m/n/12 Great
 []


Underfull \hbox (badness 10000) in paragraph at lines 71--72
[]|\TU/TimesNewRoman(0)/m/n/12 Great
 []


Underfull \hbox (badness 10000) in paragraph at lines 72--73
[]|\TU/TimesNewRoman(0)/m/n/12 Great
 []


Underfull \hbox (badness 10000) in paragraph at lines 73--74
[]|\TU/TimesNewRoman(0)/m/n/12 Great
 []


Overfull \hbox (1.07887pt too wide) in paragraph at lines 74--75
[]|\TU/TimesNewRoman(0)/m/n/12 Superpower| 
 []


Overfull \hbox (1.07887pt too wide) in paragraph at lines 75--76
[]|\TU/TimesNewRoman(0)/m/n/12 Superpower| 
 []


Overfull \hbox (1.47246pt too wide) in paragraph at lines 85--85
[]|\TU/TimesNewRoman(0)/b/n/12 Landmass| 
 []


Overfull \hbox (4.80058pt too wide) in paragraph at lines 85--85
[]|\TU/TimesNewRoman(0)/b/n/12 Population| 
 []


Underfull \hbox (badness 10000) in paragraph at lines 85--86
[]|\TU/TimesNewRoman(0)/b/n/12 Total
 []

Package pgfplots info on input line 139: Using 'lua backend=false' for axis: x 
coord trafo unsupported.
Package pgfplots info on input line 178: Using 'lua backend=false' for axis: x 
coord trafo unsupported.
)

[6]

[7]

[8]

[9]
\openout2 = `chapters/Chapter_0.aux'.

 (chapters/Chapter_0.tex

[10





]
chapter 2.


[11]

LaTeX Warning: Citation 'WHITE_2019' on page 12 undefined on input line 16.



[12]

[13]

[14]

[15]

[16]

[17]

[18]

[19]

[20]

[21]

[22]

[23]

LaTeX Warning: Citation '' on page 24 undefined on input line 240.



[24]

[25]

[26]

[27]

[28]

[29]

[30]

[31]

[32]

[33]

[34]

[35]

[36]

[37]

[38]

[39]

[40]

[41]

[42]

[43]

[44]

[45]

[46]

[47]

[48]

[49]

[50]

[51]

[52]

[53]

[54]
Underfull \hbox (badness 10000) in paragraph at lines 832--832
[]|\TU/TimesNewRoman(0)/m/n/12 Organisational
 []


Underfull \hbox (badness 1038) in paragraph at lines 838--839
\TU/TimesNewRoman(0)/m/n/12 geted through transparency, diversity, and implemen
tation of
 []


LaTeX Warning: `!h' float specifier changed to `!ht'.



[55]

[56]

[57]

[58]

[59]

[60]

[61]

[62]

[63]

[64]

[65]

[66]

[67]

[68]

[69]

[70]

[71]
Underfull \hbox (badness 1454) in paragraph at lines 1110--1111
[]\TU/TimesNewRoman(0)/m/n/12 Compared with []Keohane ([]1988[]), who sees inst
itutions as enabling cooperation,
 []



[72]

[73]

[74]

[75]

[76]

[77]

[78]

[79]

[80]

[81]

[82]

[83]

[84]

[85]

LaTeX Warning: Citation 'WALTZ_1969' on page 86 undefined on input line 1330.



[86]

[87]

LaTeX Warning: Citation 'WALTZ_1969' on page 88 undefined on input line 1366.



[88]

[89]

[90]

[91]

[92]

[93]

[94]

[95]

[96]

[97]

[98]

[99]

LaTeX Warning: Citation 'DUMAN_RAKIPOGLU_2025' on page 100 undefined on input l
ine 1582.



[100]

[101]

[102]

[103]

[104]

[105]

[106]

[107]

[108]

[109]

[110]

[111]

[112]

[113]

LaTeX Warning: Citation 'DSS_STRUCTURE_MK2' on page 114 undefined on input line
 1757.



[114]
Underfull \hbox (badness 2680) in paragraph at lines 1771--1772
[]\TU/TimesNewRoman(0)/b/n/12 Mearsheimer (1994) \TU/TimesNewRoman(0)/m/n/12  
False Promise; realist scepticism of institutions
 []



[115]

[116])

[117]
\openout2 = `chapters/Chapter_2.aux'.

 (chapters/Chapter_2.tex

[118





]
chapter 3.


[119]


Package scrlayer-scrpage Warning: \headheight to low.
(scrlayer-scrpage)                At least 47.99495pt needed,
(scrlayer-scrpage)                but only 23.99747pt found.
(scrlayer-scrpage)                I'll enlarge \headheight, for further
(scrlayer-scrpage)                processing, but you should do this yourself,
(scrlayer-scrpage)                e.g., setting geometry's option
(scrlayer-scrpage)                `head=47.99495pt'.
(scrlayer-scrpage)                I'll also decrease \topmargin on input line 1
9.


Overfull \vbox (23.99748pt too high) has occurred while \output is active []


[120]

[121])

[122]

[123]

[124]
\openout2 = `chapters/Chapter_3.aux'.

 (chapters/Chapter_3.tex
chapter 4.

LaTeX Warning: Citation 'WALTZ_1969' on page 125 undefined on input line 7.

)

[125





]
\openout2 = `chapters/Chapter_4.aux'.

 (chapters/Chapter_4.tex

[126





]
chapter 5.
)

[127]
\openout2 = `chapters/Chapter_5.aux'.

 (chapters/Chapter_5.tex

[128





]
chapter 6.
)

[129]

[130




]
chapter without number


[131]

[132]

[133]

[134]

[135]

[136]

[137]

[138]

[139]

[140]
Underfull \hbox (badness 10000) in paragraph at lines 105--105
[][]\TU/TimesNewRoman(0)/m/n/12 Kumar, R. (1997).   Tactical reconnaissance: U
AVs versus manned aircraft.
 []


Underfull \hbox (badness 1924) in paragraph at lines 105--105
\TU/TimesNewRoman(0)/m/n/12 AU/ACSC/0349/97-03. Approved for public release. Re
search paper. Maxwell
 []


Underfull \hbox (badness 2418) in paragraph at lines 105--105
\TU/TimesNewRoman(0)/m/n/12 Air Force Base, AL: Air Command and Staff College. 
Available at: $[][][][][] []
 []



[141]

[142]

[143]

[144]

[145]

[146]

[147]
Underfull \hbox (badness 6252) in paragraph at lines 105--105
[][]\TU/TimesNewRoman(0)/m/n/12 Yin, H. et al. (2020).   Efficiency Analysis o
f Typical Application Based on
 []



[148] (Frontmatter_Backmatter/Glossary_Print.tex (Beatty_DSS_Essay.gls)
(Beatty_DSS_Essay.acr

[149


]

[150


]))

[151


]

[152


] (Beatty_DSS_Essay.aux (chapters/Chapter_1.aux) (chapters/Chapter_0.aux)
(chapters/Chapter_2.aux) (chapters/Chapter_3.aux) (chapters/Chapter_4.aux)
(chapters/Chapter_5.aux))
 ***********
LaTeX2e <2025-06-01> patch level 1
L3 programming layer <2025-08-13>
 ***********
Package logreq Info: Writing requests to 'Beatty_DSS_Essay.run.xml'.
\openout1 = `Beatty_DSS_Essay.run.xml'.

 ) 
Here is how much of TeX's memory you used:
 54611 strings out of 403249
 1315234 string characters out of 5460861
 2491386 words of memory out of 5000000
 82344 multiletter control sequences out of 15000+600000
 632719 words of font info for 113 fonts, out of 8000000 for 9000
 1348 hyphenation exceptions out of 8191
 108i,21n,107p,11221b,5290s stack positions out of 10000i,1000n,20000p,200000b,200000s

Output written on Beatty_DSS_Essay.pdf (154 pages).
