This is XeTeX, Version 3.141592653-2.6-0.999997 (MiKTeX 25.4) (preloaded format=xelatex 2025.9.3)  25 SEP 2025 17:16
entering extended mode
 restricted \write18 enabled.
 %&-line parsing enabled.
**./WALTZ_1969.tex
(WALTZ_1969.tex
LaTeX2e <2025-06-01> patch level 1
L3 programming layer <2025-08-13>
(C:\Users\User\AppData\Local\Programs\MiKTeX1\tex/latex/base\article.cls
Document Class: article 2025/01/22 v1.4n Standard LaTeX document class
(C:\Users\User\AppData\Local\Programs\MiKTeX1\tex/latex/base\size12.clo
File: size12.clo 2025/01/22 v1.4n Standard LaTeX file (size option)
)
\c@part=\count271
\c@section=\count272
\c@subsection=\count273
\c@subsubsection=\count274
\c@paragraph=\count275
\c@subparagraph=\count276
\c@figure=\count277
\c@table=\count278
\abovecaptionskip=\skip49
\belowcaptionskip=\skip50
\bibindent=\dimen148
)
(C:\Users\User\AppData\Local\Programs\MiKTeX1\tex/latex/base\fontenc.sty
Package: fontenc 2024/12/21 v2.1c Standard LaTeX package
LaTeX Font Info:    Trying to load font information for T1+lmr on input line 11
6.

(C:\Users\User\AppData\Local\Programs\MiKTeX1\tex/latex/lm\t1lmr.fd
File: t1lmr.fd 2015/05/01 v1.6.1 Font defs for Latin Modern
))
(C:\Users\User\AppData\Local\Programs\MiKTeX1\tex/latex/base\inputenc.sty
Package: inputenc 2024/02/08 v1.3d Input encoding file
\inpenc@prehook=\toks17
\inpenc@posthook=\toks18


Package inputenc Warning: inputenc package ignored with utf8 based engines.

) (C:\Users\User\AppData\Local\Programs\MiKTeX1\tex/latex/lm\lmodern.sty
Package: lmodern 2015/05/01 v1.6.1 Latin Modern Fonts
LaTeX Font Info:    Overwriting symbol font `operators' in version `normal'
(Font)                  OT1/cmr/m/n --> OT1/lmr/m/n on input line 22.
LaTeX Font Info:    Overwriting symbol font `letters' in version `normal'
(Font)                  OML/cmm/m/it --> OML/lmm/m/it on input line 23.
LaTeX Font Info:    Overwriting symbol font `symbols' in version `normal'
(Font)                  OMS/cmsy/m/n --> OMS/lmsy/m/n on input line 24.
LaTeX Font Info:    Overwriting symbol font `largesymbols' in version `normal'
(Font)                  OMX/cmex/m/n --> OMX/lmex/m/n on input line 25.
LaTeX Font Info:    Overwriting symbol font `operators' in version `bold'
(Font)                  OT1/cmr/bx/n --> OT1/lmr/bx/n on input line 26.
LaTeX Font Info:    Overwriting symbol font `letters' in version `bold'
(Font)                  OML/cmm/b/it --> OML/lmm/b/it on input line 27.
LaTeX Font Info:    Overwriting symbol font `symbols' in version `bold'
(Font)                  OMS/cmsy/b/n --> OMS/lmsy/b/n on input line 28.
LaTeX Font Info:    Overwriting symbol font `largesymbols' in version `bold'
(Font)                  OMX/cmex/m/n --> OMX/lmex/m/n on input line 29.
LaTeX Font Info:    Overwriting math alphabet `\mathbf' in version `normal'
(Font)                  OT1/cmr/bx/n --> OT1/lmr/bx/n on input line 31.
LaTeX Font Info:    Overwriting math alphabet `\mathsf' in version `normal'
(Font)                  OT1/cmss/m/n --> OT1/lmss/m/n on input line 32.
LaTeX Font Info:    Overwriting math alphabet `\mathit' in version `normal'
(Font)                  OT1/cmr/m/it --> OT1/lmr/m/it on input line 33.
LaTeX Font Info:    Overwriting math alphabet `\mathtt' in version `normal'
(Font)                  OT1/cmtt/m/n --> OT1/lmtt/m/n on input line 34.
LaTeX Font Info:    Overwriting math alphabet `\mathbf' in version `bold'
(Font)                  OT1/cmr/bx/n --> OT1/lmr/bx/n on input line 35.
LaTeX Font Info:    Overwriting math alphabet `\mathsf' in version `bold'
(Font)                  OT1/cmss/bx/n --> OT1/lmss/bx/n on input line 36.
LaTeX Font Info:    Overwriting math alphabet `\mathit' in version `bold'
(Font)                  OT1/cmr/bx/it --> OT1/lmr/bx/it on input line 37.
LaTeX Font Info:    Overwriting math alphabet `\mathtt' in version `bold'
(Font)                  OT1/cmtt/m/n --> OT1/lmtt/m/n on input line 38.
)
(C:\Users\User\AppData\Local\Programs\MiKTeX1\tex/latex/geometry\geometry.sty
Package: geometry 2020/01/02 v5.9 Page Geometry

(C:\Users\User\AppData\Local\Programs\MiKTeX1\tex/latex/graphics\keyval.sty
Package: keyval 2022/05/29 v1.15 key=value parser (DPC)
\KV@toks@=\toks19
)
(C:\Users\User\AppData\Local\Programs\MiKTeX1\tex/generic/iftex\ifvtex.sty
Package: ifvtex 2019/10/25 v1.7 ifvtex legacy package. Use iftex instead.

(C:\Users\User\AppData\Local\Programs\MiKTeX1\tex/generic/iftex\iftex.sty
Package: iftex 2024/12/12 v1.0g TeX engine tests
))
\Gm@cnth=\count279
\Gm@cntv=\count280
\c@Gm@tempcnt=\count281
\Gm@bindingoffset=\dimen149
\Gm@wd@mp=\dimen150
\Gm@odd@mp=\dimen151
\Gm@even@mp=\dimen152
\Gm@layoutwidth=\dimen153
\Gm@layoutheight=\dimen154
\Gm@layouthoffset=\dimen155
\Gm@layoutvoffset=\dimen156
\Gm@dimlist=\toks20

(C:\Users\User\AppData\Local\Programs\MiKTeX1\tex/latex/geometry\geometry.cfg))
(C:\Users\User\AppData\Local\Programs\MiKTeX1\tex/latex/setspace\setspace.sty
Package: setspace 2022/12/04 v6.7b set line spacing
)
(C:\Users\User\AppData\Local\Programs\MiKTeX1\tex/latex/fancyhdr\fancyhdr.sty
Package: fancyhdr 2025/02/07 v5.2 Extensive control of page headers and footers

\f@nch@headwidth=\skip51
\f@nch@offset@elh=\skip52
\f@nch@offset@erh=\skip53
\f@nch@offset@olh=\skip54
\f@nch@offset@orh=\skip55
\f@nch@offset@elf=\skip56
\f@nch@offset@erf=\skip57
\f@nch@offset@olf=\skip58
\f@nch@offset@orf=\skip59
\f@nch@height=\skip60
\f@nch@footalignment=\skip61
\f@nch@widthL=\skip62
\f@nch@widthC=\skip63
\f@nch@widthR=\skip64
\@temptokenb=\toks21
)
(C:\Users\User\AppData\Local\Programs\MiKTeX1\tex/latex/titlesec\titlesec.sty
Package: titlesec 2025/01/04 v2.17 Sectioning titles
\ttl@box=\box53
\beforetitleunit=\skip65
\aftertitleunit=\skip66
\ttl@plus=\dimen157
\ttl@minus=\dimen158
\ttl@toksa=\toks22
\titlewidth=\dimen159
\titlewidthlast=\dimen160
\titlewidthfirst=\dimen161
)
(C:\Users\User\AppData\Local\Programs\MiKTeX1\tex/latex/tools\verbatim.sty
Package: verbatim 2024-01-22 v1.5x LaTeX2e package for verbatim enhancements
\every@verbatim=\toks23
\verbatim@line=\toks24
\verbatim@in@stream=\read2
)
(C:\Users\User\AppData\Local\Programs\MiKTeX1\tex/latex/l3backend\l3backend-xet
ex.def
File: l3backend-xetex.def 2025-06-09 L3 backend support: XeTeX
\g__graphics_track_int=\count282
\g__pdfannot_backend_int=\count283
\g__pdfannot_backend_link_int=\count284
) (WALTZ_1969.aux)
\openout1 = `WALTZ_1969.aux'.

LaTeX Font Info:    Checking defaults for OML/cmm/m/it on input line 24.
LaTeX Font Info:    ... okay on input line 24.
LaTeX Font Info:    Checking defaults for OMS/cmsy/m/n on input line 24.
LaTeX Font Info:    ... okay on input line 24.
LaTeX Font Info:    Checking defaults for OT1/cmr/m/n on input line 24.
LaTeX Font Info:    ... okay on input line 24.
LaTeX Font Info:    Checking defaults for T1/cmr/m/n on input line 24.
LaTeX Font Info:    ... okay on input line 24.
LaTeX Font Info:    Checking defaults for TS1/cmr/m/n on input line 24.
LaTeX Font Info:    ... okay on input line 24.
LaTeX Font Info:    Checking defaults for TU/lmr/m/n on input line 24.
LaTeX Font Info:    ... okay on input line 24.
LaTeX Font Info:    Checking defaults for OMX/cmex/m/n on input line 24.
LaTeX Font Info:    ... okay on input line 24.
LaTeX Font Info:    Checking defaults for U/cmr/m/n on input line 24.
LaTeX Font Info:    ... okay on input line 24.

*geometry* driver: auto-detecting
*geometry* detected driver: xetex
*geometry* verbose mode - [ preamble ] result:
* driver: xetex
* paper: a4paper
* layout: <same size as paper>
* layoutoffset:(h,v)=(0.0pt,0.0pt)
* modes: 
* h-part:(L,W,R)=(72.26999pt, 452.9679pt, 72.26999pt)
* v-part:(T,H,B)=(72.26999pt, 700.50687pt, 72.26999pt)
* \paperwidth=597.50787pt
* \paperheight=845.04684pt
* \textwidth=452.9679pt
* \textheight=700.50687pt
* \oddsidemargin=0.0pt
* \evensidemargin=0.0pt
* \topmargin=-37.0pt
* \headheight=12.0pt
* \headsep=25.0pt
* \topskip=12.0pt
* \footskip=30.0pt
* \marginparwidth=35.0pt
* \marginparsep=10.0pt
* \columnsep=10.0pt
* \skip\footins=10.8pt plus 4.0pt minus 2.0pt
* \hoffset=0.0pt
* \voffset=0.0pt
* \mag=1000
* \@twocolumnfalse
* \@twosidefalse
* \@mparswitchfalse
* \@reversemarginfalse
* (1in=72.27pt=25.4mm, 1cm=28.453pt)




Package fancyhdr Warning: \headheight is too small (12.0pt): 
(fancyhdr)                Make it at least 14.49998pt, for example:
(fancyhdr)                \setlength{\headheight}{14.49998pt}.
(fancyhdr)                You might also make \topmargin smaller:
(fancyhdr)                \addtolength{\topmargin}{-2.49998pt}.

[1

]
LaTeX Font Info:    Trying to load font information for T1+lmtt on input line 3
3.
 (C:\Users\User\AppData\Local\Programs\MiKTeX1\tex/latex/lm\t1lmtt.fd
File: t1lmtt.fd 2015/05/01 v1.6.1 Font defs for Latin Modern
)
Missing character: There is no – in font ec-lmtt12!
Missing character: There is no   in font ec-lmtt12!
Missing character: There is no   in font ec-lmtt12!

Overfull \hbox (53.38235pt too wide) in paragraph at lines 36--36
[] \T1/lmtt/m/n/12 deserves to be. The most relevant problem is one of our own 
making and is largely[] 
 []


Overfull \hbox (102.78238pt too wide) in paragraph at lines 37--37
[] \T1/lmtt/m/n/12 attributable to the leading manner in which strategy is conc
eptualized. Strategy is made,[] 
 []

Missing character: There is no — in font ec-lmtt12!

Overfull \hbox (71.90736pt too wide) in paragraph at lines 38--38
[] \T1/lmtt/m/n/12 as indeed it must be, of tacticsand sometimes of operations.
 There is no mystical or[] 
 []


Overfull \hbox (65.73236pt too wide) in paragraph at lines 39--39
[] \T1/lmtt/m/n/12 magical ingredient that can be added to military combat for 
the purpose of creating[] 
 []


Overfull \hbox (84.25737pt too wide) in paragraph at lines 40--40
[] \T1/lmtt/m/n/12 strategic effect reliably. Strategy, meaning the decisions m
ade or left unmade, always[] 
 []


Overfull \hbox (65.73236pt too wide) in paragraph at lines 41--41
[] \T1/lmtt/m/n/12 have consequences, but that is not necessarily to lay claim 
to intelligent purpose.[] 
 []


Overfull \hbox (78.08237pt too wide) in paragraph at lines 43--43
[] \T1/lmtt/m/n/12 It is the responsibility of the commanding general to ensure
 that the chosen strategy[] 
 []


Overfull \hbox (121.30739pt too wide) in paragraph at lines 44--44
[] \T1/lmtt/m/n/12 both makes political sense and is militarily feasible at tol
erable cost. The primary task of[] 
 []


Overfull \hbox (41.03235pt too wide) in paragraph at lines 45--45
[] \T1/lmtt/m/n/12 subordinate generals must be to organize and command the tim
ely and appropriate[] 
 []


Overfull \hbox (90.43237pt too wide) in paragraph at lines 46--46
[] \T1/lmtt/m/n/12 necessities of combat for the purposes established by the mo
st senior level of military[] 
 []


Overfull \hbox (71.90736pt too wide) in paragraph at lines 49--49
[] \T1/lmtt/m/n/12 The defining explanation of the purpose in exercising milita
ry power, both in threat[] 
 []


Overfull \hbox (102.78238pt too wide) in paragraph at lines 50--50
[] \T1/lmtt/m/n/12 and in action, is clear beyond reasonable doubt as to the su
bordination of military force[] 
 []


Overfull \hbox (102.78238pt too wide) in paragraph at lines 51--51
[] \T1/lmtt/m/n/12 to the purpose which can only be provided by local, legitima
te political process. So wide[] 
 []


Overfull \hbox (108.95738pt too wide) in paragraph at lines 52--52
[] \T1/lmtt/m/n/12 can be the variety of forms that provide authority regarded 
locally as legitimate that the[] 
 []


Overfull \hbox (102.78238pt too wide) in paragraph at lines 53--53
[] \T1/lmtt/m/n/12 theory of strategy must be relaxed about the choices exercis
ed by different polities in a[] 
 []


Overfull \hbox (78.08237pt too wide) in paragraph at lines 54--54
[] \T1/lmtt/m/n/12 whole range of situations regarding national security.5 The 
theory of strategy is not[] 
 []


Overfull \hbox (65.73236pt too wide) in paragraph at lines 55--55
[] \T1/lmtt/m/n/12 particularly interested in the choices made between one or a
nother (rival) model of[] 
 []

Missing character: There is no – in font ec-lmtt12!

Overfull \hbox (59.55736pt too wide) in paragraph at lines 56--56
[] \T1/lmtt/m/n/12 civilmilitary relations, because a fundamental rule should g
overn in all political[] 
 []


Overfull \hbox (108.95738pt too wide) in paragraph at lines 57--57
[] \T1/lmtt/m/n/12 contexts; specifically, the armed forces of states in practi
ce should be as indifferent as[] 
 []


Overfull \hbox (102.78238pt too wide) in paragraph at lines 60--60
[] \T1/lmtt/m/n/12 Principle 2 bears upon a set of challenges that most soldier
s are obliged neither to meet[] 
 []


Overfull \hbox (102.78238pt too wide) in paragraph at lines 61--61
[] \T1/lmtt/m/n/12 nor even to attempt to understand. As more and more conflict
s in the twenty-first century[] 
 []


Overfull \hbox (108.95738pt too wide) in paragraph at lines 62--62
[] \T1/lmtt/m/n/12 entail connections between soldiers and local civilian socie
ties, the relationship between[] 
 []


Overfull \hbox (84.25737pt too wide) in paragraph at lines 63--63
[] \T1/lmtt/m/n/12 military power and political authority has become ever more 
troubling and troublesome.[] 
 []


Overfull \hbox (102.78238pt too wide) in paragraph at lines 64--64
[] \T1/lmtt/m/n/12 In this new era of digitized social media, clear distinction
s between combatants and non-[] 
 []


Overfull \hbox (41.03235pt too wide) in paragraph at lines 65--65
[] \T1/lmtt/m/n/12 combatants are readily confused and confounded by part-time 
or occasional armed[] 
 []


Overfull \hbox (102.78238pt too wide) in paragraph at lines 66--66
[] \T1/lmtt/m/n/12 combatants. When hostilities almost regularly include civil 
conflict among a kaleidoscope[] 
 []


Overfull \hbox (102.78238pt too wide) in paragraph at lines 67--67
[] \T1/lmtt/m/n/12 of armed and angry participants, the world for the professio
nal soldier has significantly[] 
 []


Overfull \hbox (115.13239pt too wide) in paragraph at lines 68--68
[] \T1/lmtt/m/n/12 changed. State-to-state conflict has assuredly not retired, 
but the strategic experience of[] 
 []


Overfull \hbox (41.03235pt too wide) in paragraph at lines 69--69
[] \T1/lmtt/m/n/12 large areas of what we have long called the Middle East make
s a mockery of much[] 
 []


Overfull \hbox (207.75743pt too wide) in paragraph at lines 72--72
[] \T1/lmtt/m/n/12 5 The theory of strategy is indifferent to the character of 
political authority, insisting only that there[] 
 []


Overfull \hbox (152.1824pt too wide) in paragraph at lines 73--73
[] \T1/lmtt/m/n/12 needs to be an undoubted legitimating body. This is a necess
ity for the authority of the chain of[] 
 []


Overfull \hbox (47.20735pt too wide) in paragraph at lines 79--79
[] \T1/lmtt/m/n/12 The relative strength of firms rests upon the fact that each
 firm is constrained[] 
 []


Overfull \hbox (47.20735pt too wide) in paragraph at lines 80--80
[] \T1/lmtt/m/n/12 to strike a balance between maximising its own profits and m
inimising the danger[] 
 []


Overfull \hbox (65.73236pt too wide) in paragraph at lines 81--81
[] \T1/lmtt/m/n/12 of retaliation. Any firm that accepts a smaller profit in th
e short run may thereby[] 
 []


Overfull \hbox (53.38235pt too wide) in paragraph at lines 82--82
[] \T1/lmtt/m/n/12 gain a stronger position in the long run, since rivals might
 be forced to concede[] 
 []




Package fancyhdr Warning: \headheight is too small (12.0pt): 
(fancyhdr)                Make it at least 14.49998pt, for example:
(fancyhdr)                \setlength{\headheight}{14.49998pt}.
(fancyhdr)                You might also make \topmargin smaller:
(fancyhdr)                \addtolength{\topmargin}{-2.49998pt}.

[2]
Overfull \hbox (53.38235pt too wide) in paragraph at lines 83--83
[] \T1/lmtt/m/n/12 part of the market. The temptation for larger profits will a
lways be present, but[] 
 []


Overfull \hbox (22.50734pt too wide) in paragraph at lines 84--84
[] \T1/lmtt/m/n/12 if one firm seeks to break out, it risks sparking a price wa
r from which all[] 
 []


Overfull \hbox (41.03235pt too wide) in paragraph at lines 85--85
[] \T1/lmtt/m/n/12 participants would suffer. Therefore, each must resist accep
ting small gains at[] 
 []

Missing character: There is no “ in font ec-lmtt12!
Missing character: There is no ” in font ec-lmtt12!
Missing character: There is no “ in font ec-lmtt12!
Missing character: There is no ” in font ec-lmtt12!

Overfull \hbox (47.19334pt too wide) in paragraph at lines 89--89
[] \T1/lmtt/m/n/12 take into account the possible reaction of its rivals (p. 19
9). The struggle for[] 
 []


Overfull \hbox (22.50734pt too wide) in paragraph at lines 90--90
[] \T1/lmtt/m/n/12 markets cannot be separated from the expectation of retaliat
ion. Cooperation[] 
 []

Missing character: There is no ‘ in font ec-lmtt12!
Missing character: There is no ’ in font ec-lmtt12!

Overfull \hbox (34.85735pt too wide) in paragraph at lines 94--94
[] \T1/lmtt/m/n/12 shadow of the future looms over the calculations of firms. T
hey recognise that[] 
 []


Overfull \hbox (34.85735pt too wide) in paragraph at lines 95--95
[] \T1/lmtt/m/n/12 to pursue short-term advantage may imperil long-term surviva
l. In the words of[] 
 []

Missing character: There is no “ in font ec-lmtt12!

Overfull \hbox (47.20735pt too wide) in paragraph at lines 96--96
[] \T1/lmtt/m/n/12 Fellner, the stability of oligopoly depends upon the tacit a
greement not to seek[] 
 []

Missing character: There is no ” in font ec-lmtt12!
Missing character: There is no – in font ec-lmtt12!

Overfull \hbox (28.68234pt too wide) in paragraph at lines 100--100
[] \T1/lmtt/m/n/12 oligopolistic companies, are concerned not merely with absol
ute advantage but[] 
 []


Overfull \hbox (22.50734pt too wide) in paragraph at lines 101--101
[] \T1/lmtt/m/n/12 with relative advantage. A state may forgo possible short-te
rm gains if they[] 
 []


Overfull \hbox (22.50734pt too wide) in paragraph at lines 102--102
[] \T1/lmtt/m/n/12 threaten to divide it from its partners or expose it to coun
termeasures. The[] 
 []


Overfull \hbox (47.20735pt too wide) in paragraph at lines 103--103
[] \T1/lmtt/m/n/12 structure of international politics thus resembles that of t
he market in one key[] 
 []


Overfull \hbox (65.73236pt too wide) in paragraph at lines 111--111
[] \T1/lmtt/m/n/12 since no other authority exists to guarantee its security. C
ooperation is possible,[] 
 []


Overfull \hbox (47.20735pt too wide) in paragraph at lines 112--112
[] \T1/lmtt/m/n/12 but it is fragile and always shadowed by the incentive to de
fect. The imperative[] 
 []


Overfull \hbox (53.38235pt too wide) in paragraph at lines 113--113
[] \T1/lmtt/m/n/12 is survival, and so states act on the assumption that others
 may not honour their[] 
 []


Overfull \hbox (22.50734pt too wide) in paragraph at lines 114--114
[] \T1/lmtt/m/n/12 commitments. In the absence of a higher authority, internati
onal politics is[] 
 []


Overfull \hbox (10.15733pt too wide) in paragraph at lines 117--117
[] \T1/lmtt/m/n/12 States do not act in isolation from one another, but they ca
nnot rely upon[] 
 []


Overfull \hbox (41.03235pt too wide) in paragraph at lines 118--118
[] \T1/lmtt/m/n/12 others to safeguard their interests. Each must consider how 
its actions will be[] 
 []


Overfull \hbox (34.85735pt too wide) in paragraph at lines 120--120
[] \T1/lmtt/m/n/12 intentioned policies may be misread, and in a system where s
ecurity is scarce,[] 
 []


Overfull \hbox (22.50734pt too wide) in paragraph at lines 123--123
[] \T1/lmtt/m/n/12 This is the logic of self-help: trust is always conditional,
 prudence always[] 
 []


Overfull \hbox (16.33234pt too wide) in paragraph at lines 124--124
[] \T1/lmtt/m/n/12 required. States may develop a good sense of the structure o
f international[] 
 []


Overfull \hbox (78.08237pt too wide) in paragraph at lines 125--125
[] \T1/lmtt/m/n/12 politics, but they cannot guarantee that their strategies wi
ll achieve their intended[] 
 []


Overfull \hbox (3.98233pt too wide) in paragraph at lines 128--128
[] \T1/lmtt/m/n/12 Examples abound: alliances formed to deter aggression can in
stead provoke[] 
 []


Overfull \hbox (16.33234pt too wide) in paragraph at lines 129--129
[] \T1/lmtt/m/n/12 it; economic interdependence can generate friction rather th
an harmony; and[] 
 []


Overfull \hbox (34.85735pt too wide) in paragraph at lines 130--130
[] \T1/lmtt/m/n/12 arms buildups meant to ensure security can trigger spirals o
f insecurity. Such[] 
 []


Overfull \hbox (28.68234pt too wide) in paragraph at lines 131--131
[] \T1/lmtt/m/n/12 outcomes do not necessarily reflect poor leadership or mista
ken calculations,[] 
 []




Package fancyhdr Warning: \headheight is too small (12.0pt): 
(fancyhdr)                Make it at least 14.49998pt, for example:
(fancyhdr)                \setlength{\headheight}{14.49998pt}.
(fancyhdr)                You might also make \topmargin smaller:
(fancyhdr)                \addtolength{\topmargin}{-2.49998pt}.

[3]
Overfull \hbox (22.50734pt too wide) in paragraph at lines 139--139
[] \T1/lmtt/m/n/12 permanent condition of the international system. States are 
compelled to pay[] 
 []


Overfull \hbox (59.55736pt too wide) in paragraph at lines 140--140
[] \T1/lmtt/m/n/12 attention to relative gains, because to ignore them would be
 to risk subordination[] 
 []


Overfull \hbox (41.03235pt too wide) in paragraph at lines 141--141
[] \T1/lmtt/m/n/12 or extinction. Even when cooperation occurs, it is hedged by
 calculations about[] 
 []


Overfull \hbox (47.20735pt too wide) in paragraph at lines 145--145
[] \T1/lmtt/m/n/12 market in which firms compete not only for profit but also f
or survival. Just as[] 
 []


Overfull \hbox (22.50734pt too wide) in paragraph at lines 146--146
[] \T1/lmtt/m/n/12 no firm can ignore its competitors, no state can ignore the 
power of others.[] 
 []


Overfull \hbox (34.85735pt too wide) in paragraph at lines 147--147
[] \T1/lmtt/m/n/12 The result is a relentless logic of competition, tempered on
ly by prudence and[] 
 []


Overfull \hbox (47.20735pt too wide) in paragraph at lines 151--151
[] \T1/lmtt/m/n/12 pursuing their own security they often create insecurity for
 others. This is the[] 
 []

Missing character: There is no “ in font ec-lmtt12!
Missing character: There is no ” in font ec-lmtt12!
Missing character: There is no — in font ec-lmtt12!
Missing character: There is no — in font ec-lmtt12!

Overfull \hbox (3.98233pt too wide) in paragraph at lines 153--153
[] \T1/lmtt/m/n/12 securitymilitary expansion, alliances, or new technologiesar
e interpreted[] 
 []


Overfull \hbox (16.33234pt too wide) in paragraph at lines 154--154
[] \T1/lmtt/m/n/12 by others as threats, prompting countermeasures. What begins
 as a defensive[] 
 []


Overfull \hbox (59.55736pt too wide) in paragraph at lines 158--158
[] \T1/lmtt/m/n/12 Even if all states prefer peace, the absence of a central au
thority forces them to[] 
 []


Overfull \hbox (28.68234pt too wide) in paragraph at lines 159--159
[] \T1/lmtt/m/n/12 act as if war were always possible. The system rewards cauti
on and vigilance,[] 
 []


Overfull \hbox (53.38235pt too wide) in paragraph at lines 167--167
[] \T1/lmtt/m/n/12 that the possibility of conflict is ever present. States can
not be certain of the[] 
 []


Overfull \hbox (34.85735pt too wide) in paragraph at lines 168--168
[] \T1/lmtt/m/n/12 intentions of others, and so they must prepare for the worst
 even while hoping[] 
 []


Overfull \hbox (59.55736pt too wide) in paragraph at lines 169--169
[] \T1/lmtt/m/n/12 for the best. The result is a world in which competition is 
continuous, but war is[] 
 []


Overfull \hbox (41.03235pt too wide) in paragraph at lines 173--173
[] \T1/lmtt/m/n/12 useful, are limited in their effect. They cannot eliminate t
he security dilemma[] 
 []


Overfull \hbox (10.15733pt too wide) in paragraph at lines 174--174
[] \T1/lmtt/m/n/12 because they do not alter the fundamental condition of anarc
hy. Agreements[] 
 []


Overfull \hbox (47.20735pt too wide) in paragraph at lines 175--175
[] \T1/lmtt/m/n/12 may regulate behaviour, but they cannot abolish the fear tha
t others will defect[] 
 []


Overfull \hbox (28.68234pt too wide) in paragraph at lines 176--176
[] \T1/lmtt/m/n/12 if circumstances change. International law may codify norms,
 but it lacks the[] 
 []


Overfull \hbox (28.68234pt too wide) in paragraph at lines 180--180
[] \T1/lmtt/m/n/12 not promises. What matters is not what others say they will 
do, but what they[] 
 []


Overfull \hbox (16.33234pt too wide) in paragraph at lines 181--181
[] \T1/lmtt/m/n/12 can do. Power, not words, is the ultimate currency. Diplomac
y is important,[] 
 []


Overfull \hbox (16.33234pt too wide) in paragraph at lines 184--184
[] \T1/lmtt/m/n/12 This is why even cooperation often reflects calculations of 
relative power.[] 
 []


Overfull \hbox (59.55736pt too wide) in paragraph at lines 185--185
[] \T1/lmtt/m/n/12 States join alliances not out of altruism but because they b
elieve such alignments[] 
 []




Package fancyhdr Warning: \headheight is too small (12.0pt): 
(fancyhdr)                Make it at least 14.49998pt, for example:
(fancyhdr)                \setlength{\headheight}{14.49998pt}.
(fancyhdr)                You might also make \topmargin smaller:
(fancyhdr)                \addtolength{\topmargin}{-2.49998pt}.

[4]
Overfull \hbox (3.98233pt too wide) in paragraph at lines 186--186
[] \T1/lmtt/m/n/12 will enhance their security. When conditions change, so too 
do alliances,[] 
 []


Overfull \hbox (16.33234pt too wide) in paragraph at lines 187--187
[] \T1/lmtt/m/n/12 sometimes collapsing with little warning. The logic of anarc
hy ensures that[] 
 []

Missing character: There is no ’ in font ec-lmtt12!
Missing character: There is no ’ in font ec-lmtt12!

Overfull \hbox (16.33234pt too wide) in paragraph at lines 194--194
[] \T1/lmtt/m/n/12 The distribution of capabilities among states is therefore t
he key variable[] 
 []


Overfull \hbox (28.68234pt too wide) in paragraph at lines 195--195
[] \T1/lmtt/m/n/12 in international politics. When power is concentrated, stron
g states dominate[] 
 []


Overfull \hbox (16.33234pt too wide) in paragraph at lines 196--196
[] \T1/lmtt/m/n/12 and weaker states must adapt. When power is more evenly spre
ad, states have[] 
 []


Overfull \hbox (53.38235pt too wide) in paragraph at lines 197--197
[] \T1/lmtt/m/n/12 greater room for manoeuvre, but they also face the constant 
risk of shifts in the[] 
 []


Overfull \hbox (22.50734pt too wide) in paragraph at lines 201--201
[] \T1/lmtt/m/n/12 multipolar system, with several great powers, fosters shifti
ng alliances and[] 
 []


Overfull \hbox (53.38235pt too wide) in paragraph at lines 202--202
[] \T1/lmtt/m/n/12 instability, as states continually adjust to perceived threa
ts. A bipolar system,[] 
 []


Overfull \hbox (53.38235pt too wide) in paragraph at lines 203--203
[] \T1/lmtt/m/n/12 such as the Cold War order, can generate stability through t
he clarity of rivalry[] 
 []


Overfull \hbox (28.68234pt too wide) in paragraph at lines 204--204
[] \T1/lmtt/m/n/12 between two dominant actors. A unipolar system, by contrast,
 places one state[] 
 []


Overfull \hbox (16.33234pt too wide) in paragraph at lines 205--205
[] \T1/lmtt/m/n/12 in a position of primacy, but such dominance is always conte
sted and rarely[] 
 []


Overfull \hbox (10.15733pt too wide) in paragraph at lines 208--208
[] \T1/lmtt/m/n/12 The character of the system, then, is not set by the intenti
ons of leaders[] 
 []


Overfull \hbox (47.20735pt too wide) in paragraph at lines 209--209
[] \T1/lmtt/m/n/12 but by the structure of power. States may seek to defy this 
logic, but the costs[] 
 []


Overfull \hbox (28.68234pt too wide) in paragraph at lines 210--210
[] \T1/lmtt/m/n/12 are often prohibitive. History is littered with examples of 
those who ignored[] 
 []


Overfull \hbox (16.33234pt too wide) in paragraph at lines 213--213
[] \T1/lmtt/m/n/12 The realist claim, starkly stated, is that the system compel
s states to act[] 
 []


Overfull \hbox (41.03235pt too wide) in paragraph at lines 214--214
[] \T1/lmtt/m/n/12 in certain ways regardless of their preferences. It is not h
uman nature, or the[] 
 []


Overfull \hbox (47.20735pt too wide) in paragraph at lines 215--215
[] \T1/lmtt/m/n/12 foibles of particular rulers, but the anarchic structure and
 the distribution of[] 
 []


Overfull \hbox (28.68234pt too wide) in paragraph at lines 223--223
[] \T1/lmtt/m/n/12 but it places clear limits upon it. Leaders may choose among
 options, but the[] 
 []


Overfull \hbox (34.85735pt too wide) in paragraph at lines 224--224
[] \T1/lmtt/m/n/12 menu is constrained by the distribution of power and the con
dition of anarchy.[] 
 []


Overfull \hbox (34.85735pt too wide) in paragraph at lines 225--225
[] \T1/lmtt/m/n/12 States that ignore these constraints may enjoy temporary suc
cess, but they are[] 
 []


Overfull \hbox (34.85735pt too wide) in paragraph at lines 229--229
[] \T1/lmtt/m/n/12 need to be told to balance; the pressures of the system push
 them to do so. If[] 
 []


Overfull \hbox (53.38235pt too wide) in paragraph at lines 230--230
[] \T1/lmtt/m/n/12 one state becomes too strong, others will form coalitions to
 counter it. This may[] 
 []


Overfull \hbox (28.68234pt too wide) in paragraph at lines 231--231
[] \T1/lmtt/m/n/12 not happen immediately or in perfect symmetry, but over time
 balances tend to[] 
 []


Overfull \hbox (47.20735pt too wide) in paragraph at lines 232--232
[] \T1/lmtt/m/n/12 emerge. Failure to balance usually carries severe consequenc
es, as weaker states[] 
 []


Overfull \hbox (28.68234pt too wide) in paragraph at lines 236--236
[] \T1/lmtt/m/n/12 Balance-of-power politics is not a deliberate choice but a s
ystemic tendency.[] 
 []


Overfull \hbox (47.20735pt too wide) in paragraph at lines 237--237
[] \T1/lmtt/m/n/12 That is why it recurs across history in so many different cu
ltural and political[] 
 []


Overfull \hbox (41.03235pt too wide) in paragraph at lines 238--238
[] \T1/lmtt/m/n/12 contexts. From ancient Greece to modern Europe, the logic re
mains recognisable.[] 
 []




Package fancyhdr Warning: \headheight is too small (12.0pt): 
(fancyhdr)                Make it at least 14.49998pt, for example:
(fancyhdr)                \setlength{\headheight}{14.49998pt}.
(fancyhdr)                You might also make \topmargin smaller:
(fancyhdr)                \addtolength{\topmargin}{-2.49998pt}.

[5]
Overfull \hbox (47.20735pt too wide) in paragraph at lines 241--241
[] \T1/lmtt/m/n/12 deter aggression, but it can also provoke wars as states see
k to adjust balances[] 
 []


Overfull \hbox (41.03235pt too wide) in paragraph at lines 242--242
[] \T1/lmtt/m/n/12 in their favour. The pattern is familiar: competition, align
ment, conflict, and[] 
 []


Overfull \hbox (3.98233pt too wide) in paragraph at lines 249--249
[] \T1/lmtt/m/n/12 It follows that stability and peace are at best temporary ac
hievements in[] 
 []


Overfull \hbox (34.85735pt too wide) in paragraph at lines 251--251
[] \T1/lmtt/m/n/12 erosion by shifts in power, technology, or alliances. What s
eems durable today[] 
 []


Overfull \hbox (28.68234pt too wide) in paragraph at lines 252--252
[] \T1/lmtt/m/n/12 may collapse tomorrow. The quest for permanent security is t
herefore elusive.[] 
 []


Overfull \hbox (16.33234pt too wide) in paragraph at lines 255--255
[] \T1/lmtt/m/n/12 alliances carefully, avoid unnecessary provocations, and see
k to maintain a[] 
 []


Overfull \hbox (10.15733pt too wide) in paragraph at lines 256--256
[] \T1/lmtt/m/n/12 favourable balance. Institutions and norms can help to moder
ate behaviour,[] 
 []


Overfull \hbox (28.68234pt too wide) in paragraph at lines 257--257
[] \T1/lmtt/m/n/12 providing information and reducing uncertainty. But none of 
these devices can[] 
 []


Overfull \hbox (16.33234pt too wide) in paragraph at lines 260--260
[] \T1/lmtt/m/n/12 The lesson is sobering. International politics is not a real
m where harmony[] 
 []


Overfull \hbox (28.68234pt too wide) in paragraph at lines 261--261
[] \T1/lmtt/m/n/12 naturally arises from goodwill. It is a competitive domain w
here vigilance is[] 
 []


Overfull \hbox (16.33234pt too wide) in paragraph at lines 263--263
[] \T1/lmtt/m/n/12 Success is measured not in absolute safety but in relative s
ecurity, not in[] 
 []


Overfull \hbox (16.33234pt too wide) in paragraph at lines 266--266
[] \T1/lmtt/m/n/12 The structure of the system does not change easily. While do
mestic politics[] 
 []


Overfull \hbox (53.38235pt too wide) in paragraph at lines 267--267
[] \T1/lmtt/m/n/12 can transform rapidly with revolutions or reforms, the inter
national order alters[] 
 []


Overfull \hbox (3.98233pt too wide) in paragraph at lines 268--268
[] \T1/lmtt/m/n/12 only when the distribution of power is fundamentally shifted
. Until then,[] 
 []


Overfull \hbox (41.03235pt too wide) in paragraph at lines 269--269
[] \T1/lmtt/m/n/12 anarchy and the balance of power remain the defining feature
s of world affairs.[] 
 []

Missing character: There is no ’ in font ec-lmtt12!

Overfull \hbox (16.33234pt too wide) in paragraph at lines 276--276
[] \T1/lmtt/m/n/12 to prevent. Because states cannot be certain of each others 
intentions, and[] 
 []


Overfull \hbox (34.85735pt too wide) in paragraph at lines 282--282
[] \T1/lmtt/m/n/12 For deterrence to work, threats must be credible, and credib
ility depends upon[] 
 []


Overfull \hbox (3.98233pt too wide) in paragraph at lines 283--283
[] \T1/lmtt/m/n/12 the willingness and ability to use force. States therefore d
evote immense[] 
 []


Overfull \hbox (71.90736pt too wide) in paragraph at lines 284--284
[] \T1/lmtt/m/n/12 resources to military capabilities, not only for defence but
 also to signal resolve.[] 
 []


Overfull \hbox (22.50734pt too wide) in paragraph at lines 285--285
[] \T1/lmtt/m/n/12 Yet the very act of building strength can trigger countermea
sures by others.[] 
 []


Overfull \hbox (71.90736pt too wide) in paragraph at lines 288--288
[] \T1/lmtt/m/n/12 claim that its buildup is defensive, but in the eyes of riva
ls it appears offensive.[] 
 []


Overfull \hbox (34.85735pt too wide) in paragraph at lines 289--289
[] \T1/lmtt/m/n/12 The outcome is often a cycle of competition that neither sid
e desires yet both[] 
 []


Overfull \hbox (28.68234pt too wide) in paragraph at lines 290--290
[] \T1/lmtt/m/n/12 feel compelled to sustain. History shows that such races can
 make crises more[] 
 []


Overfull \hbox (47.20735pt too wide) in paragraph at lines 291--291
[] \T1/lmtt/m/n/12 dangerous, as mobilisation timetables shorten and the tempta
tion to strike first[] 
 []




Package fancyhdr Warning: \headheight is too small (12.0pt): 
(fancyhdr)                Make it at least 14.49998pt, for example:
(fancyhdr)                \setlength{\headheight}{14.49998pt}.
(fancyhdr)                You might also make \topmargin smaller:
(fancyhdr)                \addtolength{\topmargin}{-2.49998pt}.

[6]
Overfull \hbox (22.50734pt too wide) in paragraph at lines 294--294
[] \T1/lmtt/m/n/12 The tragedy of international politics is that rational actio
ns by individual[] 
 []


Overfull \hbox (10.15733pt too wide) in paragraph at lines 295--295
[] \T1/lmtt/m/n/12 states can produce irrational outcomes for the system as a w
hole. Fear and[] 
 []


Overfull \hbox (53.38235pt too wide) in paragraph at lines 296--296
[] \T1/lmtt/m/n/12 uncertainty drive behaviour that, while prudent in isolation
, can be collectively[] 
 []


Overfull \hbox (28.68234pt too wide) in paragraph at lines 304--304
[] \T1/lmtt/m/n/12 they sharply circumscribe the possibilities of international
 politics. Within[] 
 []


Overfull \hbox (53.38235pt too wide) in paragraph at lines 305--305
[] \T1/lmtt/m/n/12 these limits, wise leadership can still matter greatly. Stat
es that recognise the[] 
 []


Overfull \hbox (41.03235pt too wide) in paragraph at lines 306--306
[] \T1/lmtt/m/n/12 logic of the system may navigate it more skilfully, avoiding
 reckless ambitions[] 
 []


Overfull \hbox (16.33234pt too wide) in paragraph at lines 309--309
[] \T1/lmtt/m/n/12 But leaders who ignore the realities of anarchy court disast
er. The history[] 
 []


Overfull \hbox (28.68234pt too wide) in paragraph at lines 310--310
[] \T1/lmtt/m/n/12 of great powers is filled with examples of overextension, mi
scalculation, and[] 
 []


Overfull \hbox (22.50734pt too wide) in paragraph at lines 311--311
[] \T1/lmtt/m/n/12 hubris. Those who fail to respect the balance of power often
 find themselves[] 
 []


Overfull \hbox (53.38235pt too wide) in paragraph at lines 312--312
[] \T1/lmtt/m/n/12 punished by it. In this sense, the structure of the system e
ducates through harsh[] 
 []


Overfull \hbox (10.15733pt too wide) in paragraph at lines 315--315
[] \T1/lmtt/m/n/12 For students of international relations, the point is clear.
 Theories that[] 
 []


Overfull \hbox (10.15733pt too wide) in paragraph at lines 316--316
[] \T1/lmtt/m/n/12 emphasise human goodwill or the harmony of interests overloo
k the enduring[] 
 []


Overfull \hbox (22.50734pt too wide) in paragraph at lines 317--317
[] \T1/lmtt/m/n/12 facts of anarchy and competition. Realism insists that these
 facts cannot be[] 
 []


Overfull \hbox (41.03235pt too wide) in paragraph at lines 318--318
[] \T1/lmtt/m/n/12 wished away. The structure of the system compels states to a
ct in certain ways,[] 
 []


Overfull \hbox (41.03235pt too wide) in paragraph at lines 321--321
[] \T1/lmtt/m/n/12 The conclusion, then, is not that conflict is inevitable, bu
t that it is always[] 
 []


Overfull \hbox (47.20735pt too wide) in paragraph at lines 323--323
[] \T1/lmtt/m/n/12 pressures of self-help and balance. International politics r
emains, in the final[] 
 []


Overfull \hbox (47.20735pt too wide) in paragraph at lines 324--324
[] \T1/lmtt/m/n/12 analysis, a tragic arena where the search for security conti
nually generates the[] 
 []


Overfull \hbox (59.55736pt too wide) in paragraph at lines 331--331
[] \T1/lmtt/m/n/12 ...exercise of sovereignty but only in ways strongly conditi
oned by the anarchy of[] 
 []


Overfull \hbox (41.03235pt too wide) in paragraph at lines 332--332
[] \T1/lmtt/m/n/12 the larger system. The anarchy of that order strongly affect
s the likelihood of[] 
 []


Overfull \hbox (53.38235pt too wide) in paragraph at lines 333--333
[] \T1/lmtt/m/n/12 cooperation, the extent of arms agreements, and the jurisdic
tion of international[] 
 []


Overfull \hbox (22.50734pt too wide) in paragraph at lines 336--336
[] \T1/lmtt/m/n/12 But what about borderline cases, societies that are neither 
clearly anarchic[] 
 []


Overfull \hbox (53.38235pt too wide) in paragraph at lines 337--337
[] \T1/lmtt/m/n/12 nor clearly hierarchic? Do they not represent a third type? 
To say that there are[] 
 []


Overfull \hbox (53.38235pt too wide) in paragraph at lines 338--338
[] \T1/lmtt/m/n/12 borderline cases is not to say that at the border a third ty
pe of system appears.[] 
 []


Overfull \hbox (53.38235pt too wide) in paragraph at lines 339--339
[] \T1/lmtt/m/n/12 All categories have borders, and if we have any categories a
t all, we have border[] 
 []


Overfull \hbox (53.38235pt too wide) in paragraph at lines 340--340
[] \T1/lmtt/m/n/12 cases. Clarity of concepts does not eliminate difficulties o
f classification. Was[] 
 []


Overfull \hbox (47.19334pt too wide) in paragraph at lines 341--341
[] \T1/lmtt/m/n/12 China from the 1920s to the 1940s a hierarchical or an anarc
hic realm? Nominally[] 
 []


Overfull \hbox (41.03235pt too wide) in paragraph at lines 342--342
[] \T1/lmtt/m/n/12 a nation, China looked more like a number of separate states
 existing alongside[] 
 []


Overfull \hbox (41.02534pt too wide) in paragraph at lines 343--343
[] \T1/lmtt/m/n/12 one another. Mao Tse-tung in 1930, like Bolshevik leaders ea
rlier, thought that[] 
 []

Missing character: There is no “ in font ec-lmtt12!
Missing character: There is no ” in font ec-lmtt12!

Overfull \hbox (22.50734pt too wide) in paragraph at lines 344--344
[] \T1/lmtt/m/n/12 a revolutionary spark would start a prairie fire. Revolution
ary flames would[] 
 []




Package fancyhdr Warning: \headheight is too small (12.0pt): 
(fancyhdr)                Make it at least 14.49998pt, for example:
(fancyhdr)                \setlength{\headheight}{14.49998pt}.
(fancyhdr)                You might also make \topmargin smaller:
(fancyhdr)                \addtolength{\topmargin}{-2.49998pt}.

[7]
Overfull \hbox (28.68234pt too wide) in paragraph at lines 345--345
[] \T1/lmtt/m/n/12 spread across China, if not throughout the world. Because th
e interdependence[] 
 []

Missing character: There is no ’ in font ec-lmtt12!

Overfull \hbox (65.73236pt too wide) in paragraph at lines 346--346
[] \T1/lmtt/m/n/12 of Chinas provinces, like the interdependence of nations, wa
s insufficiently close,[] 
 []

Missing character: There is no ’ in font ec-lmtt12!

Overfull \hbox (47.20735pt too wide) in paragraph at lines 347--347
[] \T1/lmtt/m/n/12 the flames failed to spread. So nearly autonomous were China
s provinces that the[] 
 []


Overfull \hbox (78.08237pt too wide) in paragraph at lines 348--348
[] \T1/lmtt/m/n/12 effects of war in one part of the country were only weakly r
egistered in other parts.[] 
 []


Overfull \hbox (47.20735pt too wide) in paragraph at lines 349--349
[] \T1/lmtt/m/n/12 Battles in the Hunan hills, far from sparking a national rev
olution, were hardly[] 
 []


Overfull \hbox (28.68234pt too wide) in paragraph at lines 350--350
[] \T1/lmtt/m/n/12 noticed in neighbouring provinces. The interaction of largel
y self-sufficient[] 
 []


Overfull \hbox (28.68234pt too wide) in paragraph at lines 351--351
[] \T1/lmtt/m/n/12 provinces was slight and sporadic. Dependence on one another
 economically nor[] 
 []

Missing character: There is no ’ in font ec-lmtt12!

Overfull \hbox (59.55736pt too wide) in paragraph at lines 358--358
[] \T1/lmtt/m/n/12 remaining nine. The point of theoretical importance is that 
our expectations about[] 
 []


Overfull \hbox (53.38235pt too wide) in paragraph at lines 359--359
[] \T1/lmtt/m/n/12 the fate of those areas differ widely depending on which ans
wer to the structural[] 
 []


Overfull \hbox (22.50734pt too wide) in paragraph at lines 360--360
[] \T1/lmtt/m/n/12 question becomes the right one. Structures defined according
 to two distinct[] 
 []


Overfull \hbox (28.68234pt too wide) in paragraph at lines 361--361
[] \T1/lmtt/m/n/12 ordering principles help to explain important aspects of soc
ial and political[] 
 []


Overfull \hbox (47.20735pt too wide) in paragraph at lines 362--362
[] \T1/lmtt/m/n/12 behavior. That is shown in various ways in the following pag
es. This section has[] 
 []


Overfull \hbox (53.38235pt too wide) in paragraph at lines 363--363
[] \T1/lmtt/m/n/12 explained why two, and only two, types of structure are need
ed to cover societies[] 
 []


Overfull \hbox (28.68234pt too wide) in paragraph at lines 368--368
[] \T1/lmtt/m/n/12 How can a theory of international politics be constructed? J
ust as any theory[] 
 []


Overfull \hbox (41.03235pt too wide) in paragraph at lines 369--369
[] \T1/lmtt/m/n/12 must be. As Chapters 1 and 4 explain, first, one must concei
ve of international[] 
 []


Overfull \hbox (34.85735pt too wide) in paragraph at lines 370--370
[] \T1/lmtt/m/n/12 politics as a bounded realm or domain; second, one must disc
over some law-like[] 
 []


Overfull \hbox (16.33234pt too wide) in paragraph at lines 371--371
[] \T1/lmtt/m/n/12 regularities within it; and third, one must develop a way of
 explaining the[] 
 []


Overfull \hbox (59.55035pt too wide) in paragraph at lines 372--372
[] \T1/lmtt/m/n/12 observed regularities. The first of these was accomplished i
n Chapter 5. Chapter 6[] 
 []


Overfull \hbox (59.55736pt too wide) in paragraph at lines 373--373
[] \T1/lmtt/m/n/12 so far has shown how political structures account for some r
ecurrent aspects of...[] 
 []


Overfull \hbox (59.55736pt too wide) in paragraph at lines 380--380
[] \T1/lmtt/m/n/12 ally able; it was also exceptionally bloody, even for the pe
riod. A little reflec-[] 
 []


Overfull \hbox (22.50734pt too wide) in paragraph at lines 381--381
[] \T1/lmtt/m/n/12 tion, however, triggers the thought that perfection in comba
t generalship is[] 
 []


Overfull \hbox (65.73236pt too wide) in paragraph at lines 382--382
[] \T1/lmtt/m/n/12 only of strictly limited interest. What matters for a genera
l theory of strategy is[] 
 []


Overfull \hbox (10.15733pt too wide) in paragraph at lines 383--383
[] \T1/lmtt/m/n/12 a robust grasp of how and why good strategy works. The theor
y here accepts[] 
 []


Overfull \hbox (41.03235pt too wide) in paragraph at lines 384--384
[] \T1/lmtt/m/n/12 that generals, in company with their political masters, inde
ed often because of[] 
 []


Overfull \hbox (41.03235pt too wide) in paragraph at lines 385--385
[] \T1/lmtt/m/n/12 them, are of variable quality. It accepts, as it must, the f
act of considerable[] 
 []


Overfull \hbox (10.15733pt too wide) in paragraph at lines 386--386
[] \T1/lmtt/m/n/12 human differences between individuals and cultures, as well 
as situations.[] 
 []


Overfull \hbox (28.68234pt too wide) in paragraph at lines 387--387
[] \T1/lmtt/m/n/12 Today, for example, there is need for very senior soldiers w
hose career paths[] 
 []


Overfull \hbox (41.03235pt too wide) in paragraph at lines 389--389
[] \T1/lmtt/m/n/12 scale typical of counter-terrorism, as well as potential nuc
lear threat or even[] 
 []


Overfull \hbox (3.98233pt too wide) in paragraph at lines 393--393
[] \T1/lmtt/m/n/12 the reach of mere mortals. The theory of strategy needs to e
xpress under-[] 
 []


Overfull \hbox (10.15733pt too wide) in paragraph at lines 394--394
[] \T1/lmtt/m/n/12 standing of the need for political and military leaders to b
e ready enough[] 
 []


Overfull \hbox (16.33234pt too wide) in paragraph at lines 395--395
[] \T1/lmtt/m/n/12 to face exceptional circumstances. Obviously, a theory of st
rategy, as with[] 
 []




Package fancyhdr Warning: \headheight is too small (12.0pt): 
(fancyhdr)                Make it at least 14.49998pt, for example:
(fancyhdr)                \setlength{\headheight}{14.49998pt}.
(fancyhdr)                You might also make \topmargin smaller:
(fancyhdr)                \addtolength{\topmargin}{-2.49998pt}.

[8]
Overfull \hbox (28.68234pt too wide) in paragraph at lines 396--396
[] \T1/lmtt/m/n/12 any general theory, has to be careful not to imperil its con
ceptual integrity[] 
 []


Overfull \hbox (10.15733pt too wide) in paragraph at lines 398--398
[] \T1/lmtt/m/n/12 if the theory is sound. Performance of the strategy function
, at all times[] 
 []


Overfull \hbox (3.98233pt too wide) in paragraph at lines 399--399
[] \T1/lmtt/m/n/12 and in all places, begs to attract identification of excepti
ons to normal[] 
 []

Missing character: There is no ’ in font ec-lmtt12!

Overfull \hbox (22.50734pt too wide) in paragraph at lines 403--403
[] \T1/lmtt/m/n/12 strategys general theory. One must allow for occasionally er
ratic behaviour,[] 
 []


Overfull \hbox (10.15733pt too wide) in paragraph at lines 404--404
[] \T1/lmtt/m/n/12 whether or not it promotes positive consequences (for whom, 
one may ask?).[] 
 []


Overfull \hbox (41.03235pt too wide) in paragraph at lines 405--405
[] \T1/lmtt/m/n/12 It is important to remember that because the future is by de
finition always the[] 
 []


Overfull \hbox (22.50734pt too wide) in paragraph at lines 406--406
[] \T1/lmtt/m/n/12 domain of strategy, it is highly probable that the strategic
 consequences of[] 
 []


Overfull \hbox (10.15733pt too wide) in paragraph at lines 407--407
[] \T1/lmtt/m/n/12 much tactical and operational action will remain obscure eve
n on a lengthy[] 
 []


Overfull \hbox (28.68234pt too wide) in paragraph at lines 408--408
[] \T1/lmtt/m/n/12 timeline. This can prove distinctly unhelpful to political l
eaders in need of[] 
 []


Overfull \hbox (34.85735pt too wide) in paragraph at lines 409--409
[] \T1/lmtt/m/n/12 apparent evidence of the gaining of some total advantage. Al
so, it will be the[] 
 []


Overfull \hbox (41.03235pt too wide) in paragraph at lines 410--410
[] \T1/lmtt/m/n/12 case that when an erratic military genius has a poor week, m
onth, or even year,[] 
 []


Overfull \hbox (47.20735pt too wide) in paragraph at lines 411--411
[] \T1/lmtt/m/n/12 the general who remains will just be erratic. Long odds can 
win, but that is not[] 
 []


Overfull \hbox (34.85735pt too wide) in paragraph at lines 414--414
[] \T1/lmtt/m/n/12 As a rule for general theory, exceptions are tolerable and s
hould be tolerated[] 
 []


Overfull \hbox (3.98233pt too wide) in paragraph at lines 416--416
[] \T1/lmtt/m/n/12 principle. An exception only on an occasional Friday, for ex
ample, should[] 
 []


Overfull \hbox (41.03235pt too wide) in paragraph at lines 417--417
[] \T1/lmtt/m/n/12 be tolerable for a well enough crafted theory, whereas an ex
ception that occurs[] 
 []


Overfull \hbox (10.15733pt too wide) in paragraph at lines 418--418
[] \T1/lmtt/m/n/12 every week is a phenomenon that demands either wholesale or 
partial theor-[] 
 []

Missing character: There is no — in font ec-lmtt12!

Overfull \hbox (47.20735pt too wide) in paragraph at lines 426--426
[] \T1/lmtt/m/n/12 military experience requiring capture by general theory is s
eriously forbidding.[] 
 []


Overfull \hbox (3.98233pt too wide) in paragraph at lines 427--427
[] \T1/lmtt/m/n/12 Such a sentiment of conclusive dismay at the size of the cha
llenge is not[] 
 []


Overfull \hbox (10.15733pt too wide) in paragraph at lines 428--428
[] \T1/lmtt/m/n/12 difficult to comprehend. However, there is less to hinder us
 than might be[] 
 []


Overfull \hbox (22.50734pt too wide) in paragraph at lines 429--429
[] \T1/lmtt/m/n/12 anticipated by a swift inspection of potential evidence. Pro
bably the single[] 
 []


Overfull \hbox (22.50734pt too wide) in paragraph at lines 430--430
[] \T1/lmtt/m/n/12 most useful navigation aid for the researcher and theorist i
s the elementary[] 
 []


Overfull \hbox (3.98233pt too wide) in paragraph at lines 433--433
[] \T1/lmtt/m/n/12 rather bare basis of a usable method for exploring who did w
hat; why they[] 
 []


Overfull \hbox (47.20735pt too wide) in paragraph at lines 434--434
[] \T1/lmtt/m/n/12 probably did it; how they did it; with what it was done (or 
at least attempted);[] 
 []


Overfull \hbox (34.85735pt too wide) in paragraph at lines 436--436
[] \T1/lmtt/m/n/12 quences of decisions to act, or to refrain from acting, prob
ably were. We need[] 
 []


Overfull \hbox (10.15733pt too wide) in paragraph at lines 437--437
[] \T1/lmtt/m/n/12 not be unduly troubled by the unknown and possibly unknowabl
e detail about[] 
 []


Overfull \hbox (10.15733pt too wide) in paragraph at lines 438--438
[] \T1/lmtt/m/n/12 motives in ancient, medieval, and much more recent history, 
because under-[] 
 []


Overfull \hbox (22.50734pt too wide) in paragraph at lines 439--439
[] \T1/lmtt/m/n/12 standing with the general theory of strategy is not likely t
o depend upon an[] 
 []


Overfull \hbox (41.03235pt too wide) in paragraph at lines 440--440
[] \T1/lmtt/m/n/12 evidential base steered in practice by matters of detail tha
t escape conceptual[] 
 []


Overfull \hbox (47.20735pt too wide) in paragraph at lines 441--441
[] \T1/lmtt/m/n/12 attention. For example, the theory both can and does notice 
explicitly the rare,[] 
 []


Overfull \hbox (47.20735pt too wide) in paragraph at lines 442--442
[] \T1/lmtt/m/n/12 but real fact of exceptional battlefield leadership, known t
ypically as general-[] 
 []


Overfull \hbox (16.33234pt too wide) in paragraph at lines 443--443
[] \T1/lmtt/m/n/12 ship. As a consequence, the extraordinary performance of arm
ies led by such[] 
 []


Overfull \hbox (3.98233pt too wide) in paragraph at lines 444--444
[] \T1/lmtt/m/n/12 men as Julius Caesar, the Duke of Marlborough, and Napoleon 
Bonaparte may[] 
 []


Overfull \hbox (16.33234pt too wide) in paragraph at lines 445--445
[] \T1/lmtt/m/n/12 be misassessed; each of the three, very occasionally, led fr
om the front in[] 
 []


Overfull \hbox (47.20735pt too wide) in paragraph at lines 446--446
[] \T1/lmtt/m/n/12 battle. The general theory of strategy argues that the quali
ty of generalship is[] 
 []




Package fancyhdr Warning: \headheight is too small (12.0pt): 
(fancyhdr)                Make it at least 14.49998pt, for example:
(fancyhdr)                \setlength{\headheight}{14.49998pt}.
(fancyhdr)                You might also make \topmargin smaller:
(fancyhdr)                \addtolength{\topmargin}{-2.49998pt}.

[9]
Overfull \hbox (41.03235pt too wide) in paragraph at lines 447--447
[] \T1/lmtt/m/n/12 always likely to matter, occasionally profoundly, but hardly
 ever is it able to[] 
 []


Overfull \hbox (16.33234pt too wide) in paragraph at lines 448--448
[] \T1/lmtt/m/n/12 dominate reliably what otherwise could be anticipated from a
n understanding[] 
 []

Missing character: There is no ‘ in font ec-lmtt12!
Missing character: There is no ’ in font ec-lmtt12!

Overfull \hbox (41.03235pt too wide) in paragraph at lines 450--450
[] \T1/lmtt/m/n/12 services of a saviour general, as the recent term, though no
t especially recent[] 
 []


Overfull \hbox (53.38235pt too wide) in paragraph at lines 451--451
[] \T1/lmtt/m/n/12 phenomenon, has it, but it is yet more attractive to avoid t
he necessity for such[] 
 []


Overfull \hbox (22.50734pt too wide) in paragraph at lines 454--454
[] \T1/lmtt/m/n/12 The general theory of strategy is designed to help educate l
eaders and their[] 
 []


Overfull \hbox (16.33234pt too wide) in paragraph at lines 455--455
[] \T1/lmtt/m/n/12 apprentices, especially military ones, by helping them under
stand strategic[] 
 []


Overfull \hbox (28.68234pt too wide) in paragraph at lines 456--456
[] \T1/lmtt/m/n/12 thought and the meaning of military action. There is no pres
umption here that[] 
 []


Overfull \hbox (22.50734pt too wide) in paragraph at lines 457--457
[] \T1/lmtt/m/n/12 most senior officers are capable of reasoning strategically,
 especially in a[] 
 []


Overfull \hbox (28.68234pt too wide) in paragraph at lines 458--458
[] \T1/lmtt/m/n/12 context of warfare that may well be dominated by operational
 or even tactical[] 
 []


Overfull \hbox (41.03235pt too wide) in paragraph at lines 460--460
[] \T1/lmtt/m/n/12 behind this text it is the belief that most general officers
 are competent, but[] 
 []


Overfull \hbox (10.15733pt too wide) in paragraph at lines 461--461
[] \T1/lmtt/m/n/12 probably no better than that. There is not and there should 
not be a field[] 
 []

Missing character: There is no ’ in font ec-lmtt12!
Missing character: There is no ’ in font ec-lmtt12!

Overfull \hbox (16.33234pt too wide) in paragraph at lines 462--462
[] \T1/lmtt/m/n/12 marshals baton in every soldiers pack. Nonetheless, every of
ficer should be[] 
 []




Package fancyhdr Warning: \headheight is too small (12.0pt): 
(fancyhdr)                Make it at least 14.49998pt, for example:
(fancyhdr)                \setlength{\headheight}{14.49998pt}.
(fancyhdr)                You might also make \topmargin smaller:
(fancyhdr)                \addtolength{\topmargin}{-2.49998pt}.

[10] (WALTZ_1969.aux)
 ***********
LaTeX2e <2025-06-01> patch level 1
L3 programming layer <2025-08-13>
 ***********
 ) 
Here is how much of TeX's memory you used:
 2116 strings out of 403249
 33479 string characters out of 5460861
 443972 words of memory out of 5000000
 30589 multiletter control sequences out of 15000+600000
 630150 words of font info for 43 fonts, out of 8000000 for 9000
 1348 hyphenation exceptions out of 8191
 57i,11n,65p,2745b,479s stack positions out of 10000i,1000n,20000p,200000b,200000s

Output written on WALTZ_1969.pdf (10 pages).
